This is pdfeTeX, Version 3.141592-1.21a-2.2 (Web2C 7.5.4) (format=pdflatex 2009.4.16)  9 FEB 2010 19:59
entering extended mode
**fast_oopsi.tex
(./fast_oopsi.tex
LaTeX2e <2003/12/01>
Babel <v3.8d> and hyphenation patterns for american, french, german, ngerman, b
ahasa, basque, bulgarian, catalan, croatian, czech, danish, dutch, esperanto, e
stonian, finnish, greek, icelandic, irish, italian, latin, magyar, norsk, polis
h, portuges, romanian, russian, serbian, slovak, slovene, spanish, swedish, tur
kish, ukrainian, nohyphenation, loaded.
(/Users/joshyv/Research/misc/latex_paper.tex
(/opt/local/share/texmf-dist/tex/latex/base/article.cls
Document Class: article 2004/02/16 v1.4f Standard LaTeX document class
(/opt/local/share/texmf-dist/tex/latex/base/size10.clo
File: size10.clo 2004/02/16 v1.4f Standard LaTeX file (size option)
)
\c@part=\count79
\c@section=\count80
\c@subsection=\count81
\c@subsubsection=\count82
\c@paragraph=\count83
\c@subparagraph=\count84
\c@figure=\count85
\c@table=\count86
\abovecaptionskip=\skip41
\belowcaptionskip=\skip42
\bibindent=\dimen102
)
(/opt/local/share/texmf-dist/tex/latex/amsmath/amsmath.sty
Package: amsmath 2000/07/18 v2.13 AMS math features
\@mathmargin=\skip43

For additional information on amsmath, use the `?' option.
(/opt/local/share/texmf-dist/tex/latex/amsmath/amstext.sty
Package: amstext 2000/06/29 v2.01

(/opt/local/share/texmf-dist/tex/latex/amsmath/amsgen.sty
File: amsgen.sty 1999/11/30 v2.0
\@emptytoks=\toks14
\ex@=\dimen103
))
(/opt/local/share/texmf-dist/tex/latex/amsmath/amsbsy.sty
Package: amsbsy 1999/11/29 v1.2d
\pmbraise@=\dimen104
)
(/opt/local/share/texmf-dist/tex/latex/amsmath/amsopn.sty
Package: amsopn 1999/12/14 v2.01 operator names
)
\inf@bad=\count87
LaTeX Info: Redefining \frac on input line 211.
\uproot@=\count88
\leftroot@=\count89
LaTeX Info: Redefining \overline on input line 307.
\classnum@=\count90
\DOTSCASE@=\count91
LaTeX Info: Redefining \ldots on input line 379.
LaTeX Info: Redefining \dots on input line 382.
LaTeX Info: Redefining \cdots on input line 467.
\Mathstrutbox@=\box26
\strutbox@=\box27
\big@size=\dimen105
LaTeX Font Info:    Redeclaring font encoding OML on input line 567.
LaTeX Font Info:    Redeclaring font encoding OMS on input line 568.
\macc@depth=\count92
\c@MaxMatrixCols=\count93
\dotsspace@=\muskip10
\c@parentequation=\count94
\dspbrk@lvl=\count95
\tag@help=\toks15
\row@=\count96
\column@=\count97
\maxfields@=\count98
\andhelp@=\toks16
\eqnshift@=\dimen106
\alignsep@=\dimen107
\tagshift@=\dimen108
\tagwidth@=\dimen109
\totwidth@=\dimen110
\lineht@=\dimen111
\@envbody=\toks17
\multlinegap=\skip44
\multlinetaggap=\skip45
\mathdisplay@stack=\toks18
LaTeX Info: Redefining \[ on input line 2666.
LaTeX Info: Redefining \] on input line 2667.
)
(/opt/local/share/texmf-dist/tex/latex/graphics/graphicx.sty
Package: graphicx 1999/02/16 v1.0f Enhanced LaTeX Graphics (DPC,SPQR)

(/opt/local/share/texmf-dist/tex/latex/graphics/keyval.sty
Package: keyval 1999/03/16 v1.13 key=value parser (DPC)
\KV@toks@=\toks19
)
(/opt/local/share/texmf-dist/tex/latex/graphics/graphics.sty
Package: graphics 2001/07/07 v1.0n Standard LaTeX Graphics (DPC,SPQR)

(/opt/local/share/texmf-dist/tex/latex/graphics/trig.sty
Package: trig 1999/03/16 v1.09 sin cos tan (DPC)
)
(/opt/local/share/texmf-dist/tex/latex/graphics/graphics.cfg
File: graphics.cfg 2005/02/03 v1.3 graphics configuration of teTeX/TeXLive
)
Package graphics Info: Driver file: pdftex.def on input line 80.

(/opt/local/share/texmf-dist/tex/latex/graphics/pdftex.def
File: pdftex.def 2002/06/19 v0.03k graphics/color for pdftex
\Gread@gobject=\count99
))
\Gin@req@height=\dimen112
\Gin@req@width=\dimen113
)
(/opt/local/share/texmf-dist/tex/latex/amsfonts/amsfonts.sty
Package: amsfonts 2001/10/25 v2.2f
\symAMSa=\mathgroup4
\symAMSb=\mathgroup5
LaTeX Font Info:    Overwriting math alphabet `\mathfrak' in version `bold'
(Font)                  U/euf/m/n --> U/euf/b/n on input line 132.
)
(/opt/local/share/texmf-dist/tex/latex/amscls/amsthm.sty
Package: amsthm 2004/08/06 v2.20
\thm@style=\toks20
\thm@bodyfont=\toks21
\thm@headfont=\toks22
\thm@notefont=\toks23
\thm@headpunct=\toks24
\thm@preskip=\skip46
\thm@postskip=\skip47
\thm@headsep=\skip48
\dth@everypar=\toks25
)
(/opt/local/share/texmf-dist/tex/latex/algorithms/algorithm.sty
Package: algorithm 

Document Style `algorithm' - floating environment
(/opt/local/share/texmf-dist/tex/latex/float/float.sty
Package: float 2001/11/08 v1.3d Float enhancements (AL)
\c@float@type=\count100
\float@exts=\toks26
\float@box=\box28
\@float@everytoks=\toks27
\@floatcapt=\box29
)
(/opt/local/share/texmf-dist/tex/latex/base/ifthen.sty
Package: ifthen 2001/05/26 v1.1c Standard LaTeX ifthen package (DPC)
)
\@float@every@algorithm=\toks28
\c@algorithm=\count101
)
(/opt/local/share/texmf-dist/tex/latex/algorithms/algorithmic.sty
Package: algorithmic 

Document Style `algorithmic' - environment
(/opt/local/share/texmf-dist/tex/latex/tools/calc.sty
Package: calc 1998/07/07 v4.1b Infix arithmetic (KKT,FJ)
\calc@Acount=\count102
\calc@Bcount=\count103
\calc@Adimen=\dimen114
\calc@Bdimen=\dimen115
\calc@Askip=\skip49
\calc@Bskip=\skip50
LaTeX Info: Redefining \setlength on input line 59.
LaTeX Info: Redefining \addtolength on input line 60.
\calc@denominator=\count104
)
\c@ALC@line=\count105
\c@ALC@rem=\count106
\c@ALC@depth=\count107
\ALC@tlm=\skip51
)
(/opt/local/share/texmf-dist/tex/latex/psnfss/times.sty
Package: times 2004/09/15 PSNFSS-v9.2 (SPQR) 
)
(/opt/local/share/texmf-dist/tex/latex/fancyhdr/fancyhdr.sty
\fancy@headwidth=\skip52
\f@ncyO@elh=\skip53
\f@ncyO@erh=\skip54
\f@ncyO@olh=\skip55
\f@ncyO@orh=\skip56
\f@ncyO@elf=\skip57
\f@ncyO@erf=\skip58
\f@ncyO@olf=\skip59
\f@ncyO@orf=\skip60
)
(/Users/joshyv/Research/misc/latex_commands.tex))
(/opt/local/share/texmf-dist/tex/latex/tools/multicol.sty
Package: multicol 2004/02/14 v1.6e multicolumn formatting (FMi)
\c@tracingmulticols=\count108
\mult@box=\box30
\multicol@leftmargin=\dimen116
\c@unbalance=\count109
\c@collectmore=\count110
\doublecol@number=\count111
\multicoltolerance=\count112
\multicolpretolerance=\count113
\full@width=\dimen117
\page@free=\dimen118
\premulticols=\dimen119
\postmulticols=\dimen120
\multicolsep=\skip61
\multicolbaselineskip=\skip62
\partial@page=\box31
\last@line=\box32
\mult@rightbox=\box33
\mult@grightbox=\box34
\mult@gfirstbox=\box35
\mult@firstbox=\box36
\@tempa=\box37
\@tempa=\box38
\@tempa=\box39
\@tempa=\box40
\@tempa=\box41
\@tempa=\box42
\@tempa=\box43
\@tempa=\box44
\@tempa=\box45
\@tempa=\box46
\@tempa=\box47
\@tempa=\box48
\@tempa=\box49
\@tempa=\box50
\@tempa=\box51
\@tempa=\box52
\@tempa=\box53
\c@columnbadness=\count114
\c@finalcolumnbadness=\count115
\last@try=\dimen121
\multicolovershoot=\dimen122
\multicolundershoot=\dimen123
\mult@nat@firstbox=\box54
\colbreak@box=\box55
)
(/opt/local/share/texmf-dist/tex/latex/hyperref/hyperref.sty
Package: hyperref 2003/11/30 v6.74m Hypertext links for LaTeX
\@linkdim=\dimen124
\Hy@linkcounter=\count116
\Hy@pagecounter=\count117

(/opt/local/share/texmf-dist/tex/latex/hyperref/pd1enc.def
File: pd1enc.def 2003/11/30 v6.74m Hyperref: PDFDocEncoding definition (HO)
)
(/opt/local/share/texmf-dist/tex/latex/hyperref/hyperref.cfg
File: hyperref.cfg 2002/06/06 v1.2 hyperref configuration of TeXLive and teTeX
)
Package hyperref Info: Hyper figures OFF on input line 1880.
Package hyperref Info: Link nesting OFF on input line 1885.
Package hyperref Info: Hyper index ON on input line 1888.
Package hyperref Info: Plain pages ON on input line 1893.
Package hyperref Info: Backreferencing OFF on input line 1900.

Implicit mode ON; LaTeX internals redefined
Package hyperref Info: Bookmarks ON on input line 2004.
(/opt/local/share/texmf-local/tex/latex/html/url.sty
Package: url 1999/03/02  ver 1.4  Verb mode for urls, email addresses, and file
 names
)
LaTeX Info: Redefining \url on input line 2143.
\Fld@menulength=\count118
\Field@Width=\dimen125
\Fld@charsize=\dimen126
\Choice@toks=\toks29
\Field@toks=\toks30
Package hyperref Info: Hyper figures OFF on input line 2618.
Package hyperref Info: Link nesting OFF on input line 2623.
Package hyperref Info: Hyper index ON on input line 2626.
Package hyperref Info: backreferencing OFF on input line 2633.
Package hyperref Info: Link coloring OFF on input line 2638.
\c@Item=\count119
\c@Hfootnote=\count120
)
*hyperref using default driver hpdftex*
(/opt/local/share/texmf-dist/tex/latex/hyperref/hpdftex.def
File: hpdftex.def 2003/11/30 v6.74m Hyperref driver for pdfTeX

(/opt/local/share/texmf-dist/tex/latex/psnfss/pifont.sty
Package: pifont 2004/09/15 PSNFSS-v9.2 Pi font support (SPQR) 
LaTeX Font Info:    Try loading font information for U+pzd on input line 63.

(/opt/local/share/texmf-dist/tex/latex/psnfss/upzd.fd
File: upzd.fd 2001/06/04 font definitions for U/pzd.
)
LaTeX Font Info:    Try loading font information for U+psy on input line 64.

(/opt/local/share/texmf-dist/tex/latex/psnfss/upsy.fd
File: upsy.fd 2001/06/04 font definitions for U/psy.
))
\Fld@listcount=\count121
\@outlinefile=\write3
) (./fast_oopsi.aux)
\openout1 = `fast_oopsi.aux'.

LaTeX Font Info:    Checking defaults for OML/cmm/m/it on input line 22.
LaTeX Font Info:    ... okay on input line 22.
LaTeX Font Info:    Checking defaults for T1/cmr/m/n on input line 22.
LaTeX Font Info:    ... okay on input line 22.
LaTeX Font Info:    Checking defaults for OT1/cmr/m/n on input line 22.
LaTeX Font Info:    ... okay on input line 22.
LaTeX Font Info:    Checking defaults for OMS/cmsy/m/n on input line 22.
LaTeX Font Info:    ... okay on input line 22.
LaTeX Font Info:    Checking defaults for OMX/cmex/m/n on input line 22.
LaTeX Font Info:    ... okay on input line 22.
LaTeX Font Info:    Checking defaults for U/cmr/m/n on input line 22.
LaTeX Font Info:    ... okay on input line 22.
LaTeX Font Info:    Checking defaults for PD1/pdf/m/n on input line 22.
LaTeX Font Info:    ... okay on input line 22.
LaTeX Font Info:    Try loading font information for OT1+ptm on input line 22.

(/opt/local/share/texmf-dist/tex/latex/psnfss/ot1ptm.fd
File: ot1ptm.fd 2001/06/04 font definitions for OT1/ptm.
)
(/opt/local/share/texmf-dist/tex/context/base/supp-pdf.tex
(/opt/local/share/texmf-dist/tex/context/base/supp-mis.tex
loading : Context Support Macros / Miscellaneous (2004.10.26)
\protectiondepth=\count122
\scratchcounter=\count123
\scratchtoks=\toks31
\scratchdimen=\dimen127
\scratchskip=\skip63
\scratchmuskip=\muskip11
\scratchbox=\box56
\scratchread=\read1
\scratchwrite=\write4
\zeropoint=\dimen128
\onepoint=\dimen129
\onebasepoint=\dimen130
\minusone=\count124
\thousandpoint=\dimen131
\onerealpoint=\dimen132
\emptytoks=\toks32
\nextbox=\box57
\nextdepth=\dimen133
\everyline=\toks33
\!!counta=\count125
\!!countb=\count126
\recursecounter=\count127
)
loading : Context Support Macros / PDF (2004.03.26)
\nofMPsegments=\count128
\nofMParguments=\count129
\MPscratchCnt=\count130
\MPscratchDim=\dimen134
\MPnumerator=\count131
\everyMPtoPDFconversion=\toks34
)
Package hyperref Info: Link coloring OFF on input line 22.
 (/opt/local/share/texmf-dist/tex/latex/hyperref/nameref.sty
Package: nameref 2003/12/03 v2.21 Cross-referencing by name of section
\c@section@level=\count132
)
LaTeX Info: Redefining \ref on input line 22.
LaTeX Info: Redefining \pageref on input line 22.

(./fast_oopsi.out) (./fast_oopsi.out)
\openout3 = `fast_oopsi.out'.

LaTeX Font Info:    Try loading font information for U+msa on input line 26.

(/opt/local/share/texmf-dist/tex/latex/amsfonts/umsa.fd
File: umsa.fd 2002/01/19 v2.2g AMS font definitions
)
LaTeX Font Info:    Try loading font information for U+msb on input line 26.

(/opt/local/share/texmf-dist/tex/latex/amsfonts/umsb.fd
File: umsb.fd 2002/01/19 v2.2g AMS font definitions
)
LaTeX Font Info:    Font shape `OT1/ptm/bx/n' in size <9> not available
(Font)              Font shape `OT1/ptm/b/n' tried instead on input line 26.
 (./body.tex
LaTeX Font Info:    Font shape `OT1/ptm/bx/n' in size <14.4> not available
(Font)              Font shape `OT1/ptm/b/n' tried instead on input line 1.
 [1

{/opt/local/share/texmf-var/fonts/map/pdftex/updmap/pdftex.map}]
LaTeX Font Info:    Font shape `OT1/ptm/bx/n' in size <12> not available
(Font)              Font shape `OT1/ptm/b/n' tried instead on input line 24.

</Users/joshyv/Research/oopsi/fast-oopsi/figs/in_vitro_ex.pdf, id=185, 505.89pt
 x 361.35pt>
File: /Users/joshyv/Research/oopsi/fast-oopsi/figs/in_vitro_ex.pdf Graphic file
 (type pdf)

<use /Users/joshyv/Research/oopsi/fast-oopsi/figs/in_vitro_ex.pdf> [2 </Users/j
oshyv/Research/oopsi/fast-oopsi/figs/in_vitro_ex.pdf>] [3] [4] [5]
LaTeX Font Info:    Font shape `OT1/ptm/bx/n' in size <10> not available
(Font)              Font shape `OT1/ptm/b/n' tried instead on input line 169.


Package hyperref Warning: Token not allowed in a PDFDocEncoded string,
(hyperref)                removing `math shift' on input line 173.


Package hyperref Warning: Token not allowed in a PDFDocEncoded string,
(hyperref)                removing `\setbox' on input line 173.


Package hyperref Warning: Token not allowed in a PDFDocEncoded string,
(hyperref)                removing `\z@' on input line 173.


Package hyperref Warning: Token not allowed in a PDFDocEncoded string,
(hyperref)                removing `\hbox' on input line 173.


Package hyperref Warning: Token not allowed in a PDFDocEncoded string,
(hyperref)                removing `\frozen@everymath' on input line 173.


Package hyperref Warning: Token not allowed in a PDFDocEncoded string,
(hyperref)                removing `\@emptytoks' on input line 173.


Package hyperref Warning: Token not allowed in a PDFDocEncoded string,
(hyperref)                removing `\mathsurround' on input line 173.


Package hyperref Warning: Token not allowed in a PDFDocEncoded string,
(hyperref)                removing `\z@' on input line 173.


Package hyperref Warning: Token not allowed in a PDFDocEncoded string,
(hyperref)                removing `math shift' on input line 173.


Package hyperref Warning: Token not allowed in a PDFDocEncoded string,
(hyperref)                removing `\textstyle' on input line 173.


Package hyperref Warning: Token not allowed in a PDFDocEncoded string,
(hyperref)                removing `math shift' on input line 173.


Package hyperref Warning: Token not allowed in a PDFDocEncoded string,
(hyperref)                removing `\mathaccent' on input line 173.


Package hyperref Warning: Token not allowed in a PDFDocEncoded string,
(hyperref)                removing `math shift' on input line 173.

[6] [7] [8] [9]
</Users/joshyv/Research/oopsi/fast-oopsi/figs/woopsi_inf_b13.pdf, id=393, 505.8
9pt x 361.35pt>
File: /Users/joshyv/Research/oopsi/fast-oopsi/figs/woopsi_inf_b13.pdf Graphic f
ile (type pdf)

<use /Users/joshyv/Research/oopsi/fast-oopsi/figs/woopsi_inf_b13.pdf>

LaTeX Warning: `!h' float specifier changed to `!ht'.


</Users/joshyv/Research/oopsi/fast-oopsi/figs/stats.pdf, id=394, 578.16pt x 433
.62pt>
File: /Users/joshyv/Research/oopsi/fast-oopsi/figs/stats.pdf Graphic file (type
 pdf)
 <use /Users/joshyv/Research/oopsi/fast-oopsi/figs/stats.pdf>

LaTeX Warning: `!h' float specifier changed to `!ht'.


</Users/joshyv/Research/oopsi/fast-oopsi/figs/woopsi_learn_b13.pdf, id=395, 505
.89pt x 361.35pt>
File: /Users/joshyv/Research/oopsi/fast-oopsi/figs/woopsi_learn_b13.pdf Graphic
 file (type pdf)

<use /Users/joshyv/Research/oopsi/fast-oopsi/figs/woopsi_learn_b13.pdf>

LaTeX Warning: `!h' float specifier changed to `!ht'.


</Users/joshyv/Research/oopsi/fast-oopsi/figs/woopsi_data_c4.pdf, id=396, 505.8
9pt x 361.35pt>
File: /Users/joshyv/Research/oopsi/fast-oopsi/figs/woopsi_data_c4.pdf Graphic f
ile (type pdf)

<use /Users/joshyv/Research/oopsi/fast-oopsi/figs/woopsi_data_c4.pdf>

LaTeX Warning: `!h' float specifier changed to `!ht'.


</Users/joshyv/Research/oopsi/fast-oopsi/figs/doublets_b12.pdf, id=397, 505.89p
t x 361.35pt>
File: /Users/joshyv/Research/oopsi/fast-oopsi/figs/doublets_b12.pdf Graphic fil
e (type pdf)

<use /Users/joshyv/Research/oopsi/fast-oopsi/figs/doublets_b12.pdf>

LaTeX Warning: `!h' float specifier changed to `!ht'.


</Users/joshyv/Research/oopsi/fast-oopsi/figs/stats_data_bursts.pdf, id=398, 50
5.89pt x 361.35pt>
File: /Users/joshyv/Research/oopsi/fast-oopsi/figs/stats_data_bursts.pdf Graphi
c file (type pdf)

<use /Users/joshyv/Research/oopsi/fast-oopsi/figs/stats_data_bursts.pdf>

LaTeX Warning: `!h' float specifier changed to `!ht'.


</Users/joshyv/Research/oopsi/fast-oopsi/figs/stats_data.pdf, id=399, 505.89pt 
x 361.35pt>
File: /Users/joshyv/Research/oopsi/fast-oopsi/figs/stats_data.pdf Graphic file 
(type pdf)
 <use /Users/joshyv/Research/oopsi/fast-oopsi/figs/stats_data.pdf>

LaTeX Warning: `!h' float specifier changed to `!ht'.

[10]
</Users/joshyv/Research/oopsi/fast-oopsi/figs/pop.pdf, id=419, 505.89pt x 144.5
4pt>
File: /Users/joshyv/Research/oopsi/fast-oopsi/figs/pop.pdf Graphic file (type p
df)
 <use /Users/joshyv/Research/oopsi/fast-oopsi/figs/pop.pdf>
Underfull \hbox (badness 10000) in paragraph at lines 415--417

 []


LaTeX Warning: `!h' float specifier changed to `!ht'.

[11 </Users/joshyv/Research/oopsi/fast-oopsi/figs/woopsi_inf_b13.pdf>] [12 </Us
ers/joshyv/Research/oopsi/fast-oopsi/figs/stats.pdf>] [13 </Users/joshyv/Resear
ch/oopsi/fast-oopsi/figs/woopsi_learn_b13.pdf>] [14 </Users/joshyv/Research/oop
si/fast-oopsi/figs/woopsi_data_c4.pdf>]
</Users/joshyv/Research/oopsi/fast-oopsi/figs/smc_init_c12.pdf, id=529, 505.89p
t x 361.35pt>
File: /Users/joshyv/Research/oopsi/fast-oopsi/figs/smc_init_c12.pdf Graphic fil
e (type pdf)

<use /Users/joshyv/Research/oopsi/fast-oopsi/figs/smc_init_c12.pdf>

LaTeX Warning: `!h' float specifier changed to `!ht'.

[15 </Users/joshyv/Research/oopsi/fast-oopsi/figs/doublets_b12.pdf>]
</Users/joshyv/Research/oopsi/fast-oopsi/figs/spatial_background.pdf, id=543, 5
05.89pt x 361.35pt>
File: /Users/joshyv/Research/oopsi/fast-oopsi/figs/spatial_background.pdf Graph
ic file (type pdf)

<use /Users/joshyv/Research/oopsi/fast-oopsi/figs/spatial_background.pdf>

LaTeX Warning: `!h' float specifier changed to `!ht'.


</Users/joshyv/Research/oopsi/fast-oopsi/figs/spatial_multi_inf.pdf, id=544, 54
2.025pt x 252.945pt>
File: /Users/joshyv/Research/oopsi/fast-oopsi/figs/spatial_multi_inf.pdf Graphi
c file (type pdf)

<use /Users/joshyv/Research/oopsi/fast-oopsi/figs/spatial_multi_inf.pdf>

LaTeX Warning: `!h' float specifier changed to `!ht'.


</Users/joshyv/Research/oopsi/fast-oopsi/figs/spatial_multi_learn.pdf, id=545, 
542.025pt x 252.945pt>
File: /Users/joshyv/Research/oopsi/fast-oopsi/figs/spatial_multi_learn.pdf Grap
hic file (type pdf)

<use /Users/joshyv/Research/oopsi/fast-oopsi/figs/spatial_multi_learn.pdf>

LaTeX Warning: `!h' float specifier changed to `!ht'.

LaTeX Font Info:    Try loading font information for OT1+pcr on input line 513.

(/opt/local/share/texmf-dist/tex/latex/psnfss/ot1pcr.fd
File: ot1pcr.fd 2001/06/04 font definitions for OT1/pcr.
)
Overfull \hbox (97.1713pt too wide) in paragraph at lines 512--514
\OT1/ptm/m/n/10 XXX clos-est log-linear re-lax-ation bit XXX XXX \OT1/pcr/m/n/1
0 http://jn.physiology.org/cgi/content/abstract/103/2/1130?rss=1
 []

[16 </Users/joshyv/Research/oopsi/fast-oopsi/figs/stats_data_bursts.pdf>]
[17 </Users/joshyv/Research/oopsi/fast-oopsi/figs/stats_data.pdf>])
(./appendix.tex [18 </Users/joshyv/Research/oopsi/fast-oopsi/figs/pop.pdf>]
Package hyperref Info: bookmark level for unknown algorithm defaults to 0 on in
put line 5.
LaTeX Font Info:    Try loading font information for OMS+ptm on input line 11.

(/opt/local/share/texmf-dist/tex/latex/psnfss/omsptm.fd
File: omsptm.fd 
)
LaTeX Font Info:    Font shape `OMS/ptm/m/n' in size <10> not available
(Font)              Font shape `OMS/cmsy/m/n' tried instead on input line 11.


LaTeX Warning: Reference `eq:beta' on page 19 undefined on input line 25.


LaTeX Warning: `!h' float specifier changed to `!ht'.

[19 </Users/joshyv/Research/oopsi/fast-oopsi/figs/smc_init_c12.pdf>] [20 </User
s/joshyv/Research/oopsi/fast-oopsi/figs/spatial_background.pdf>] [21 </Users/jo
shyv/Research/oopsi/fast-oopsi/figs/spatial_multi_inf.pdf> </Users/joshyv/Resea
rch/oopsi/fast-oopsi/figs/spatial_multi_learn.pdf>] [22]) [23

]
(./fast_oopsi.bbl
Missing character: There is no Ã in font ptmr7t!
Missing character: There is no ¼ in font ptmr7t!
Missing character: There is no Ã in font ptmr7t!
Missing character: There is no ¼ in font ptmr7t!
 [24

]) [25] (./fast_oopsi.aux)

LaTeX Warning: There were undefined references.

 ) 
Here is how much of TeX's memory you used:
 4887 strings out of 94500
 61111 string characters out of 1155413
 129962 words of memory out of 1000000
 7768 multiletter control sequences out of 10000+50000
 36378 words of font info for 86 fonts, out of 500000 for 2000
 580 hyphenation exceptions out of 1000
 29i,18n,43p,2213b,592s stack positions out of 1500i,500n,5000p,200000b,5000s
PDF statistics:
 677 PDF objects out of 300000
 164 named destinations out of 131072
 306 words of extra memory for PDF output out of 65536
{/opt/local/share/texmf-dist/fonts/enc/dvips/psnfss/8r.enc}</opt/local/share/
texmf-dist/fonts/type1/urw/courier/ucrr8a.pfb></opt/local/share/texmf-dist/font
s/type1/bluesky/cm/cmss8.pfb></opt/local/share/texmf-dist/fonts/type1/bluesky/c
m/cmbx7.pfb></opt/local/share/texmf-dist/fonts/type1/bluesky/cm/cmbx10.pfb></op
t/local/share/texmf-dist/fonts/type1/bluesky/cmextra/cmmib7.pfb></opt/local/sha
re/texmf-dist/fonts/type1/bluesky/cm/cmsy5.pfb></opt/local/share/texmf-dist/fon
ts/type1/bluesky/symbols/msbm10.pfb></opt/local/share/texmf-dist/fonts/type1/bl
uesky/cm/cmr5.pfb></opt/local/share/texmf-dist/fonts/type1/bluesky/symbols/msbm
7.pfb></opt/local/share/texmf-dist/fonts/type1/bluesky/cm/cmmi5.pfb></opt/local
/share/texmf-dist/fonts/type1/bluesky/cm/cmex10.pfb></opt/local/share/texmf-dis
t/fonts/type1/bluesky/cm/cmsy7.pfb></opt/local/share/texmf-dist/fonts/type1/blu
esky/cm/cmsy10.pfb></opt/local/share/texmf-dist/fonts/type1/bluesky/cm/cmmi7.pf
b></opt/local/share/texmf-dist/fonts/type1/bluesky/cm/cmr7.pfb></opt/local/shar
e/texmf-dist/fonts/type1/bluesky/cm/cmmib10.pfb></opt/local/share/texmf-dist/fo
nts/type1/bluesky/cm/cmr10.pfb></opt/local/share/texmf-dist/fonts/type1/bluesky
/cm/cmmi10.pfb></opt/local/share/texmf-dist/fonts/type1/urw/times/utmri8a.pfb><
/opt/local/share/texmf-dist/fonts/type1/urw/times/utmb8a.pfb></opt/local/share/
texmf-dist/fonts/type1/urw/times/utmr8a.pfb>
Output written on fast_oopsi.pdf (25 pages, 1119608 bytes).
