\BOOKMARK [1][-]{section.1}{Introduction}{}
\BOOKMARK [1][-]{section.2}{Methods}{}
\BOOKMARK [2][-]{subsection.2.1}{Data driven generative model}{section.2}
\BOOKMARK [2][-]{subsection.2.2}{Goal}{section.2}
\BOOKMARK [2][-]{subsection.2.3}{Inference}{section.2}
\BOOKMARK [2][-]{subsection.2.4}{Learning}{section.2}
\BOOKMARK [2][-]{subsection.2.5}{Spatial filtering}{section.2}
\BOOKMARK [2][-]{subsection.2.6}{Overlapping spatial filters}{section.2}
\BOOKMARK [2][-]{subsection.2.7}{Experimental Methods}{section.2}
\BOOKMARK [1][-]{section.3}{Results}{}
\BOOKMARK [2][-]{subsection.3.1}{Main Result}{section.3}
\BOOKMARK [2][-]{subsection.3.2}{Online analysis of spike trains using the fast filter}{section.3}
\BOOKMARK [2][-]{subsection.3.3}{Improving inference results}{section.3}
\BOOKMARK [2][-]{subsection.3.4}{Spatial filter}{section.3}
\BOOKMARK [2][-]{subsection.3.5}{Overlapping spatial filters}{section.3}
\BOOKMARK [1][-]{section.4}{Discussion}{}
\BOOKMARK [1][-]{section*.11}{References}{}
\BOOKMARK [1][-]{section.A}{Wiener Filter}{}
\BOOKMARK [1][-]{section.B}{Model generalizations}{}
\BOOKMARK [2][-]{subsection.B.1}{Poisson observations}{section.B}
\BOOKMARK [2][-]{subsection.B.2}{Nonlinear observations}{section.B}
\BOOKMARK [2][-]{subsection.B.3}{Slow rise time}{section.B}
\BOOKMARK [2][-]{subsection.B.4}{External stimulus}{section.B}
\BOOKMARK [2][-]{subsection.B.5}{Population imaging}{section.B}
\BOOKMARK [2][-]{subsection.B.6}{in vitro data}{section.B}
\BOOKMARK [2][-]{subsection.B.7}{in vivo data}{section.B}
