This is pdfeTeX, Version 3.141592-1.21a-2.2 (Web2C 7.5.4) (format=pdflatex 2009.4.16)  6 NOV 2009 01:07
entering extended mode
**main
(./main.tex
LaTeX2e <2003/12/01>
Babel <v3.8d> and hyphenation patterns for american, french, german, ngerman, b
ahasa, basque, bulgarian, catalan, croatian, czech, danish, dutch, esperanto, e
stonian, finnish, greek, icelandic, irish, italian, latin, magyar, norsk, polis
h, portuges, romanian, russian, serbian, slovak, slovene, spanish, swedish, tur
kish, ukrainian, nohyphenation, loaded.
(/Users/joshyv/Research/misc/latex_paper.tex
(/opt/local/share/texmf-dist/tex/latex/base/article.cls
Document Class: article 2004/02/16 v1.4f Standard LaTeX document class
(/opt/local/share/texmf-dist/tex/latex/base/size10.clo
File: size10.clo 2004/02/16 v1.4f Standard LaTeX file (size option)
)
\c@part=\count79
\c@section=\count80
\c@subsection=\count81
\c@subsubsection=\count82
\c@paragraph=\count83
\c@subparagraph=\count84
\c@figure=\count85
\c@table=\count86
\abovecaptionskip=\skip41
\belowcaptionskip=\skip42
\bibindent=\dimen102
)
(/opt/local/share/texmf-dist/tex/latex/amsmath/amsmath.sty
Package: amsmath 2000/07/18 v2.13 AMS math features
\@mathmargin=\skip43

For additional information on amsmath, use the `?' option.
(/opt/local/share/texmf-dist/tex/latex/amsmath/amstext.sty
Package: amstext 2000/06/29 v2.01

(/opt/local/share/texmf-dist/tex/latex/amsmath/amsgen.sty
File: amsgen.sty 1999/11/30 v2.0
\@emptytoks=\toks14
\ex@=\dimen103
))
(/opt/local/share/texmf-dist/tex/latex/amsmath/amsbsy.sty
Package: amsbsy 1999/11/29 v1.2d
\pmbraise@=\dimen104
)
(/opt/local/share/texmf-dist/tex/latex/amsmath/amsopn.sty
Package: amsopn 1999/12/14 v2.01 operator names
)
\inf@bad=\count87
LaTeX Info: Redefining \frac on input line 211.
\uproot@=\count88
\leftroot@=\count89
LaTeX Info: Redefining \overline on input line 307.
\classnum@=\count90
\DOTSCASE@=\count91
LaTeX Info: Redefining \ldots on input line 379.
LaTeX Info: Redefining \dots on input line 382.
LaTeX Info: Redefining \cdots on input line 467.
\Mathstrutbox@=\box26
\strutbox@=\box27
\big@size=\dimen105
LaTeX Font Info:    Redeclaring font encoding OML on input line 567.
LaTeX Font Info:    Redeclaring font encoding OMS on input line 568.
\macc@depth=\count92
\c@MaxMatrixCols=\count93
\dotsspace@=\muskip10
\c@parentequation=\count94
\dspbrk@lvl=\count95
\tag@help=\toks15
\row@=\count96
\column@=\count97
\maxfields@=\count98
\andhelp@=\toks16
\eqnshift@=\dimen106
\alignsep@=\dimen107
\tagshift@=\dimen108
\tagwidth@=\dimen109
\totwidth@=\dimen110
\lineht@=\dimen111
\@envbody=\toks17
\multlinegap=\skip44
\multlinetaggap=\skip45
\mathdisplay@stack=\toks18
LaTeX Info: Redefining \[ on input line 2666.
LaTeX Info: Redefining \] on input line 2667.
)
(/opt/local/share/texmf-dist/tex/latex/graphics/graphicx.sty
Package: graphicx 1999/02/16 v1.0f Enhanced LaTeX Graphics (DPC,SPQR)

(/opt/local/share/texmf-dist/tex/latex/graphics/keyval.sty
Package: keyval 1999/03/16 v1.13 key=value parser (DPC)
\KV@toks@=\toks19
)
(/opt/local/share/texmf-dist/tex/latex/graphics/graphics.sty
Package: graphics 2001/07/07 v1.0n Standard LaTeX Graphics (DPC,SPQR)

(/opt/local/share/texmf-dist/tex/latex/graphics/trig.sty
Package: trig 1999/03/16 v1.09 sin cos tan (DPC)
)
(/opt/local/share/texmf-dist/tex/latex/graphics/graphics.cfg
File: graphics.cfg 2005/02/03 v1.3 graphics configuration of teTeX/TeXLive
)
Package graphics Info: Driver file: pdftex.def on input line 80.

(/opt/local/share/texmf-dist/tex/latex/graphics/pdftex.def
File: pdftex.def 2002/06/19 v0.03k graphics/color for pdftex
\Gread@gobject=\count99
))
\Gin@req@height=\dimen112
\Gin@req@width=\dimen113
)
(/opt/local/share/texmf-dist/tex/latex/amsfonts/amsfonts.sty
Package: amsfonts 2001/10/25 v2.2f
\symAMSa=\mathgroup4
\symAMSb=\mathgroup5
LaTeX Font Info:    Overwriting math alphabet `\mathfrak' in version `bold'
(Font)                  U/euf/m/n --> U/euf/b/n on input line 132.
)
(/opt/local/share/texmf-dist/tex/latex/amscls/amsthm.sty
Package: amsthm 2004/08/06 v2.20
\thm@style=\toks20
\thm@bodyfont=\toks21
\thm@headfont=\toks22
\thm@notefont=\toks23
\thm@headpunct=\toks24
\thm@preskip=\skip46
\thm@postskip=\skip47
\thm@headsep=\skip48
\dth@everypar=\toks25
)
(/opt/local/share/texmf-dist/tex/latex/psnfss/times.sty
Package: times 2004/09/15 PSNFSS-v9.2 (SPQR) 
)
(/opt/local/share/texmf-dist/tex/latex/fancyhdr/fancyhdr.sty
\fancy@headwidth=\skip49
\f@ncyO@elh=\skip50
\f@ncyO@erh=\skip51
\f@ncyO@olh=\skip52
\f@ncyO@orh=\skip53
\f@ncyO@elf=\skip54
\f@ncyO@erf=\skip55
\f@ncyO@olf=\skip56
\f@ncyO@orf=\skip57
)
(/Users/joshyv/Research/misc/latex_commands.tex
\c@thm=\count100
\c@defi=\count101
))
(/opt/local/share/texmf-dist/tex/latex/tools/multicol.sty
Package: multicol 2004/02/14 v1.6e multicolumn formatting (FMi)
\c@tracingmulticols=\count102
\mult@box=\box28
\multicol@leftmargin=\dimen114
\c@unbalance=\count103
\c@collectmore=\count104
\doublecol@number=\count105
\multicoltolerance=\count106
\multicolpretolerance=\count107
\full@width=\dimen115
\page@free=\dimen116
\premulticols=\dimen117
\postmulticols=\dimen118
\multicolsep=\skip58
\multicolbaselineskip=\skip59
\partial@page=\box29
\last@line=\box30
\mult@rightbox=\box31
\mult@grightbox=\box32
\mult@gfirstbox=\box33
\mult@firstbox=\box34
\@tempa=\box35
\@tempa=\box36
\@tempa=\box37
\@tempa=\box38
\@tempa=\box39
\@tempa=\box40
\@tempa=\box41
\@tempa=\box42
\@tempa=\box43
\@tempa=\box44
\@tempa=\box45
\@tempa=\box46
\@tempa=\box47
\@tempa=\box48
\@tempa=\box49
\@tempa=\box50
\@tempa=\box51
\c@columnbadness=\count108
\c@finalcolumnbadness=\count109
\last@try=\dimen119
\multicolovershoot=\dimen120
\multicolundershoot=\dimen121
\mult@nat@firstbox=\box52
\colbreak@box=\box53
)
(/opt/local/share/texmf-dist/tex/latex/hyperref/hyperref.sty
Package: hyperref 2003/11/30 v6.74m Hypertext links for LaTeX
\@linkdim=\dimen122
\Hy@linkcounter=\count110
\Hy@pagecounter=\count111

(/opt/local/share/texmf-dist/tex/latex/hyperref/pd1enc.def
File: pd1enc.def 2003/11/30 v6.74m Hyperref: PDFDocEncoding definition (HO)
)
(/opt/local/share/texmf-dist/tex/latex/hyperref/hyperref.cfg
File: hyperref.cfg 2002/06/06 v1.2 hyperref configuration of TeXLive and teTeX
)
Package hyperref Info: Hyper figures OFF on input line 1880.
Package hyperref Info: Link nesting OFF on input line 1885.
Package hyperref Info: Hyper index ON on input line 1888.
Package hyperref Info: Plain pages ON on input line 1893.
Package hyperref Info: Backreferencing OFF on input line 1900.

Implicit mode ON; LaTeX internals redefined
Package hyperref Info: Bookmarks ON on input line 2004.
(/opt/local/share/texmf-local/tex/latex/html/url.sty
Package: url 1999/03/02  ver 1.4  Verb mode for urls, email addresses, and file
 names
)
LaTeX Info: Redefining \url on input line 2143.
\Fld@menulength=\count112
\Field@Width=\dimen123
\Fld@charsize=\dimen124
\Choice@toks=\toks26
\Field@toks=\toks27
Package hyperref Info: Hyper figures OFF on input line 2618.
Package hyperref Info: Link nesting OFF on input line 2623.
Package hyperref Info: Hyper index ON on input line 2626.
Package hyperref Info: backreferencing OFF on input line 2633.
Package hyperref Info: Link coloring OFF on input line 2638.
\c@Item=\count113
\c@Hfootnote=\count114
)
*hyperref using default driver hpdftex*
(/opt/local/share/texmf-dist/tex/latex/hyperref/hpdftex.def
File: hpdftex.def 2003/11/30 v6.74m Hyperref driver for pdfTeX

(/opt/local/share/texmf-dist/tex/latex/psnfss/pifont.sty
Package: pifont 2004/09/15 PSNFSS-v9.2 Pi font support (SPQR) 
LaTeX Font Info:    Try loading font information for U+pzd on input line 63.

(/opt/local/share/texmf-dist/tex/latex/psnfss/upzd.fd
File: upzd.fd 2001/06/04 font definitions for U/pzd.
)
LaTeX Font Info:    Try loading font information for U+psy on input line 64.

(/opt/local/share/texmf-dist/tex/latex/psnfss/upsy.fd
File: upsy.fd 2001/06/04 font definitions for U/psy.
))
\Fld@listcount=\count115
\@outlinefile=\write3
) (./main.aux

LaTeX Warning: Label `eq:par2' multiply defined.

)
\openout1 = `main.aux'.

LaTeX Font Info:    Checking defaults for OML/cmm/m/it on input line 19.
LaTeX Font Info:    ... okay on input line 19.
LaTeX Font Info:    Checking defaults for T1/cmr/m/n on input line 19.
LaTeX Font Info:    ... okay on input line 19.
LaTeX Font Info:    Checking defaults for OT1/cmr/m/n on input line 19.
LaTeX Font Info:    ... okay on input line 19.
LaTeX Font Info:    Checking defaults for OMS/cmsy/m/n on input line 19.
LaTeX Font Info:    ... okay on input line 19.
LaTeX Font Info:    Checking defaults for OMX/cmex/m/n on input line 19.
LaTeX Font Info:    ... okay on input line 19.
LaTeX Font Info:    Checking defaults for U/cmr/m/n on input line 19.
LaTeX Font Info:    ... okay on input line 19.
LaTeX Font Info:    Checking defaults for PD1/pdf/m/n on input line 19.
LaTeX Font Info:    ... okay on input line 19.
LaTeX Font Info:    Try loading font information for OT1+ptm on input line 19.
 (/opt/local/share/texmf-dist/tex/latex/psnfss/ot1ptm.fd
File: ot1ptm.fd 2001/06/04 font definitions for OT1/ptm.
)
(/opt/local/share/texmf-dist/tex/context/base/supp-pdf.tex
(/opt/local/share/texmf-dist/tex/context/base/supp-mis.tex
loading : Context Support Macros / Miscellaneous (2004.10.26)
\protectiondepth=\count116
\scratchcounter=\count117
\scratchtoks=\toks28
\scratchdimen=\dimen125
\scratchskip=\skip60
\scratchmuskip=\muskip11
\scratchbox=\box54
\scratchread=\read1
\scratchwrite=\write4
\zeropoint=\dimen126
\onepoint=\dimen127
\onebasepoint=\dimen128
\minusone=\count118
\thousandpoint=\dimen129
\onerealpoint=\dimen130
\emptytoks=\toks29
\nextbox=\box55
\nextdepth=\dimen131
\everyline=\toks30
\!!counta=\count119
\!!countb=\count120
\recursecounter=\count121
)
loading : Context Support Macros / PDF (2004.03.26)
\nofMPsegments=\count122
\nofMParguments=\count123
\MPscratchCnt=\count124
\MPscratchDim=\dimen132
\MPnumerator=\count125
\everyMPtoPDFconversion=\toks31
)
Package hyperref Info: Link coloring OFF on input line 19.
 (/opt/local/share/texmf-dist/tex/latex/hyperref/nameref.sty
Package: nameref 2003/12/03 v2.21 Cross-referencing by name of section
\c@section@level=\count126
)
LaTeX Info: Redefining \ref on input line 19.
LaTeX Info: Redefining \pageref on input line 19.
 (./main.out)
(./main.out)
\openout3 = `main.out'.

LaTeX Font Info:    Try loading font information for U+msa on input line 23.
 (/opt/local/share/texmf-dist/tex/latex/amsfonts/umsa.fd
File: umsa.fd 2002/01/19 v2.2g AMS font definitions
)
LaTeX Font Info:    Try loading font information for U+msb on input line 23.

(/opt/local/share/texmf-dist/tex/latex/amsfonts/umsb.fd
File: umsb.fd 2002/01/19 v2.2g AMS font definitions
) (./abstract.tex
LaTeX Font Info:    Font shape `OT1/ptm/bx/n' in size <9> not available
(Font)              Font shape `OT1/ptm/b/n' tried instead on input line 1.
)
(./intro.tex
LaTeX Font Info:    Font shape `OT1/ptm/bx/n' in size <14.4> not available
(Font)              Font shape `OT1/ptm/b/n' tried instead on input line 1.
 [1

{/opt/local/share/texmf-var/fonts/map/pdftex/updmap/pdftex.map}]) (./methods.te
x
LaTeX Font Info:    Font shape `OT1/ptm/bx/n' in size <12> not available
(Font)              Font shape `OT1/ptm/b/n' tried instead on input line 6.
 <../figs/in_vitro_ex.pdf, id=111, 505.89pt x 361.35pt>
File: ../figs/in_vitro_ex.pdf Graphic file (type pdf)

<use ../figs/in_vitro_ex.pdf>

LaTeX Warning: `!h' float specifier changed to `!ht'.

[2] [3 <../figs/in_vitro_ex.pdf>] [4] [5]
LaTeX Font Info:    Font shape `OT1/ptm/bx/n' in size <10> not available
(Font)              Font shape `OT1/ptm/b/n' tried instead on input line 172.
 [6] [7]) (./results.tex [8]
<../figs/woopsi_inf.pdf, id=300, 505.89pt x 361.35pt>
File: ../figs/woopsi_inf.pdf Graphic file (type pdf)

<use ../figs/woopsi_inf.pdf>
<../figs/woopsi_learn.pdf, id=301, 505.89pt x 361.35pt>
File: ../figs/woopsi_learn.pdf Graphic file (type pdf)

<use ../figs/woopsi_learn.pdf>

LaTeX Warning: `!h' float specifier changed to `!ht'.

<../figs/woopsi_data4.pdf, id=302, 505.89pt x 361.35pt>
File: ../figs/woopsi_data4.pdf Graphic file (type pdf)

<use ../figs/woopsi_data4.pdf>

LaTeX Warning: `!h' float specifier changed to `!ht'.

[9 <../figs/woopsi_inf.pdf>] <../figs/pop.pdf, id=318, 505.89pt x 144.54pt>
File: ../figs/pop.pdf Graphic file (type pdf)

<use ../figs/pop.pdf>

LaTeX Warning: `!h' float specifier changed to `!ht'.

[10 <../figs/woopsi_learn.pdf>] [11 <../figs/woopsi_data4.pdf> <../figs/pop.pdf
>] <../figs/smc_init12.pdf, id=349, 505.89pt x 361.35pt>
File: ../figs/smc_init12.pdf Graphic file (type pdf)

<use ../figs/smc_init12.pdf> [12 <../figs/smc_init12.pdf>]
<../figs/spatial2.pdf, id=362, 505.89pt x 361.35pt>
File: ../figs/spatial2.pdf Graphic file (type pdf)
 <use ../figs/spatial2.pdf>
<../figs/spatial_multi_inf.pdf, id=363, 542.025pt x 252.945pt>
File: ../figs/spatial_multi_inf.pdf Graphic file (type pdf)

<use ../figs/spatial_multi_inf.pdf>

LaTeX Warning: `!h' float specifier changed to `!ht'.

<../figs/spatial_multi_learn.pdf, id=364, 542.025pt x 252.945pt>
File: ../figs/spatial_multi_learn.pdf Graphic file (type pdf)

<use ../figs/spatial_multi_learn.pdf>

LaTeX Warning: `!h' float specifier changed to `!ht'.

) (./discussion.tex

LaTeX Warning: Reference `fig:woopsi_data4' on page 13 undefined on input line 
5.

[13 <../figs/spatial2.pdf>] [14 <../figs/spatial_multi_inf.pdf> <../figs/spatia
l_multi_learn.pdf>]) (./main.bbl [15]) (./wiener.tex) [16] (./main.aux)

LaTeX Warning: There were undefined references.


LaTeX Warning: There were multiply-defined labels.

 ) 
Here is how much of TeX's memory you used:
 4430 strings out of 94500
 52529 string characters out of 1155413
 117265 words of memory out of 1000000
 7380 multiletter control sequences out of 10000+50000
 35242 words of font info for 82 fonts, out of 500000 for 2000
 580 hyphenation exceptions out of 1000
 29i,15n,43p,1868b,306s stack positions out of 1500i,500n,5000p,200000b,5000s
PDF statistics:
 429 PDF objects out of 300000
 114 named destinations out of 131072
 206 words of extra memory for PDF output out of 65536
</opt/local/share/texmf-dist/fonts/type1/bluesky/cm/cmbx7.pfb></opt/local/sha
re/texmf-dist/fonts/type1/bluesky/cmextra/cmmib7.pfb></opt/local/share/texmf-di
st/fonts/type1/bluesky/cm/cmss8.pfb></opt/local/share/texmf-dist/fonts/type1/bl
uesky/cm/cmbx10.pfb></opt/local/share/texmf-dist/fonts/type1/bluesky/cm/cmsy5.p
fb></opt/local/share/texmf-dist/fonts/type1/bluesky/symbols/msbm10.pfb></opt/lo
cal/share/texmf-dist/fonts/type1/bluesky/cm/cmr5.pfb></opt/local/share/texmf-di
st/fonts/type1/bluesky/symbols/msbm7.pfb></opt/local/share/texmf-dist/fonts/typ
e1/bluesky/cm/cmmi5.pfb></opt/local/share/texmf-dist/fonts/type1/bluesky/cm/cme
x10.pfb></opt/local/share/texmf-dist/fonts/type1/bluesky/cm/cmsy7.pfb></opt/loc
al/share/texmf-dist/fonts/type1/bluesky/cm/cmsy10.pfb></opt/local/share/texmf-d
ist/fonts/type1/bluesky/cm/cmmi7.pfb></opt/local/share/texmf-dist/fonts/type1/b
luesky/cm/cmr7.pfb></opt/local/share/texmf-dist/fonts/type1/bluesky/cm/cmmi10.p
fb></opt/local/share/texmf-dist/fonts/type1/bluesky/cm/cmmib10.pfb>{/opt/local/
share/texmf-dist/fonts/enc/dvips/psnfss/8r.enc}</opt/local/share/texmf-dist/fon
ts/type1/urw/times/utmri8a.pfb></opt/local/share/texmf-dist/fonts/type1/bluesky
/cm/cmr10.pfb></opt/local/share/texmf-dist/fonts/type1/urw/times/utmb8a.pfb></o
pt/local/share/texmf-dist/fonts/type1/urw/times/utmr8a.pfb>
Output written on main.pdf (16 pages, 565706 bytes).
