This is pdfTeX, Version 3.141592-1.40.3 (Web2C 7.5.6) (format=latex 2008.3.24)  3 JUN 2008 17:11
entering extended mode
**mcknight-technology-full.tex
(./mcknight-technology-full.tex
LaTeX2e <2005/12/01>
Babel <v3.8h> and hyphenation patterns for english, usenglishmax, dumylang, noh
yphenation, arabic, basque, bulgarian, coptic, welsh, czech, slovak, german, ng
erman, danish, esperanto, spanish, catalan, galician, estonian, farsi, finnish,
 french, greek, monogreek, ancientgreek, croatian, hungarian, interlingua, ibyc
us, indonesian, icelandic, italian, latin, mongolian, dutch, norsk, polish, por
tuguese, pinyin, romanian, russian, slovenian, uppersorbian, serbian, swedish, 
turkish, ukenglish, ukrainian, loaded.
(/opt/local/share/texmf-dist/tex/latex/base/article.cls
Document Class: article 2005/09/16 v1.4f Standard LaTeX document class
(/opt/local/share/texmf-dist/tex/latex/base/size12.clo
File: size12.clo 2005/09/16 v1.4f Standard LaTeX file (size option)
)
\c@part=\count79
\c@section=\count80
\c@subsection=\count81
\c@subsubsection=\count82
\c@paragraph=\count83
\c@subparagraph=\count84
\c@figure=\count85
\c@table=\count86
\abovecaptionskip=\skip41
\belowcaptionskip=\skip42
\bibindent=\dimen102
)
(/opt/local/share/texmf-dist/tex/latex/ltxmisc/a4wide.sty
Package: a4wide 1994/08/30

(/opt/local/share/texmf-dist/tex/latex/ntgclass/a4.sty
Package: a4 2004/04/15 v1.2g A4 based page layout
))
(/opt/local/share/texmf-dist/tex/latex/graphics/epsfig.sty
Package: epsfig 1999/02/16 v1.7a (e)psfig emulation (SPQR)

(/opt/local/share/texmf-dist/tex/latex/graphics/graphicx.sty
Package: graphicx 1999/02/16 v1.0f Enhanced LaTeX Graphics (DPC,SPQR)

(/opt/local/share/texmf-dist/tex/latex/graphics/keyval.sty
Package: keyval 1999/03/16 v1.13 key=value parser (DPC)
\KV@toks@=\toks14
)
(/opt/local/share/texmf-dist/tex/latex/graphics/graphics.sty
Package: graphics 2006/02/20 v1.0o Standard LaTeX Graphics (DPC,SPQR)

(/opt/local/share/texmf-dist/tex/latex/graphics/trig.sty
Package: trig 1999/03/16 v1.09 sin cos tan (DPC)
)
(/opt/local/share/texmf/tex/latex/config/graphics.cfg
File: graphics.cfg 2007/01/18 v1.5 graphics configuration of teTeX/TeXLive
)
Package graphics Info: Driver file: dvips.def on input line 90.

(/opt/local/share/texmf-dist/tex/latex/graphics/dvips.def
File: dvips.def 1999/02/16 v3.0i Driver-dependant file (DPC,SPQR)
))
\Gin@req@height=\dimen103
\Gin@req@width=\dimen104
)
\epsfxsize=\dimen105
\epsfysize=\dimen106
)
(/opt/local/share/texmf-dist/tex/latex/amsmath/amsmath.sty
Package: amsmath 2000/07/18 v2.13 AMS math features
\@mathmargin=\skip43

For additional information on amsmath, use the `?' option.
(/opt/local/share/texmf-dist/tex/latex/amsmath/amstext.sty
Package: amstext 2000/06/29 v2.01

(/opt/local/share/texmf-dist/tex/latex/amsmath/amsgen.sty
File: amsgen.sty 1999/11/30 v2.0
\@emptytoks=\toks15
\ex@=\dimen107
))
(/opt/local/share/texmf-dist/tex/latex/amsmath/amsbsy.sty
Package: amsbsy 1999/11/29 v1.2d
\pmbraise@=\dimen108
)
(/opt/local/share/texmf-dist/tex/latex/amsmath/amsopn.sty
Package: amsopn 1999/12/14 v2.01 operator names
)
\inf@bad=\count87
LaTeX Info: Redefining \frac on input line 211.
\uproot@=\count88
\leftroot@=\count89
LaTeX Info: Redefining \overline on input line 307.
\classnum@=\count90
\DOTSCASE@=\count91
LaTeX Info: Redefining \ldots on input line 379.
LaTeX Info: Redefining \dots on input line 382.
LaTeX Info: Redefining \cdots on input line 467.
\Mathstrutbox@=\box26
\strutbox@=\box27
\big@size=\dimen109
LaTeX Font Info:    Redeclaring font encoding OML on input line 567.
LaTeX Font Info:    Redeclaring font encoding OMS on input line 568.
\macc@depth=\count92
\c@MaxMatrixCols=\count93
\dotsspace@=\muskip10
\c@parentequation=\count94
\dspbrk@lvl=\count95
\tag@help=\toks16
\row@=\count96
\column@=\count97
\maxfields@=\count98
\andhelp@=\toks17
\eqnshift@=\dimen110
\alignsep@=\dimen111
\tagshift@=\dimen112
\tagwidth@=\dimen113
\totwidth@=\dimen114
\lineht@=\dimen115
\@envbody=\toks18
\multlinegap=\skip44
\multlinetaggap=\skip45
\mathdisplay@stack=\toks19
LaTeX Info: Redefining \[ on input line 2666.
LaTeX Info: Redefining \] on input line 2667.
)
(/opt/local/share/texmf-dist/tex/latex/amscls/amsthm.sty
Package: amsthm 2004/08/06 v2.20
\thm@style=\toks20
\thm@bodyfont=\toks21
\thm@headfont=\toks22
\thm@notefont=\toks23
\thm@headpunct=\toks24
\thm@preskip=\skip46
\thm@postskip=\skip47
\thm@headsep=\skip48
\dth@everypar=\toks25
)

! LaTeX Error: File `../../my-latex-defs-no-ams.tex' not found.

Type X to quit or <RETURN> to proceed,
or enter new name. (Default extension: tex)

Enter file name: 
No file mcknight-technology-full.aux.
\openout1 = `mcknight-technology-full.aux'.

LaTeX Font Info:    Checking defaults for OML/cmm/m/it on input line 25.
LaTeX Font Info:    ... okay on input line 25.
LaTeX Font Info:    Checking defaults for T1/cmr/m/n on input line 25.
LaTeX Font Info:    ... okay on input line 25.
LaTeX Font Info:    Checking defaults for OT1/cmr/m/n on input line 25.
LaTeX Font Info:    ... okay on input line 25.
LaTeX Font Info:    Checking defaults for OMS/cmsy/m/n on input line 25.
LaTeX Font Info:    ... okay on input line 25.
LaTeX Font Info:    Checking defaults for OMX/cmex/m/n on input line 25.
LaTeX Font Info:    ... okay on input line 25.
LaTeX Font Info:    Checking defaults for U/cmr/m/n on input line 25.
LaTeX Font Info:    ... okay on input line 25.
! Undefined control sequence.
l.50 \textbf{E-mail}: \email
                            
? 
[0

]

LaTeX Warning: Citation `CAR03' on page 1 undefined on input line 81.


LaTeX Warning: Citation `Kerr05' on page 1 undefined on input line 81.


LaTeX Warning: Citation `OhkiReid06' on page 1 undefined on input line 81.


LaTeX Warning: Citation `DombeckTank07' on page 1 undefined on input line 81.


LaTeX Warning: Citation `Dombeck04' on page 1 undefined on input line 85.


LaTeX Warning: Citation `NURIYA06' on page 1 undefined on input line 85.


LaTeX Warning: Citation `Sacconi06' on page 1 undefined on input line 85.


LaTeX Warning: Citation `Canepari07' on page 1 undefined on input line 85.


LaTeX Warning: Citation `Fisher08' on page 1 undefined on input line 85.


LaTeX Warning: Citation `Djurisic08' on page 1 undefined on input line 85.


LaTeX Warning: Citation `TankDelaney95' on page 1 undefined on input line 117.

[1

]

LaTeX Warning: File `hmm-schematic.eps' not found on input line 160.


! LaTeX Error: File `hmm-schematic.eps' not found.

See the LaTeX manual or LaTeX Companion for explanation.
Type  H <return>  for immediate help.
 ...                                              
                                                  
l.160 \epsffile{hmm-schematic.eps}
                                  
? 

! LaTeX Error: Cannot determine size of graphic in hmm-schematic.eps (no Boundi
ngBox).

See the LaTeX manual or LaTeX Companion for explanation.
Type  H <return>  for immediate help.
 ...                                              
                                                  
l.160 \epsffile{hmm-schematic.eps}
                                  
? 
File: hmm-schematic.eps Graphic file (type eps)
<hmm-schematic.eps> [2

]

LaTeX Warning: Citation `RAB89' on page 3 undefined on input line 190.


LaTeX Warning: Citation `DFG01' on page 3 undefined on input line 190.


LaTeX Warning: Citation `DFG01' on page 3 undefined on input line 198.


LaTeX Warning: Citation `DFG01' on page 3 undefined on input line 199.


LaTeX Warning: Citation `Ergun07' on page 3 undefined on input line 200.


LaTeX Warning: Citation `HP06' on page 3 undefined on input line 200.


LaTeX Warning: Citation `Vogelstein07' on page 3 undefined on input line 200.


LaTeX Warning: Citation `PAN07' on page 3 undefined on input line 200.


LaTeX Warning: Citation `RAB89' on page 3 undefined on input line 207.


LaTeX Warning: Citation `RAB89' on page 3 undefined on input line 218.


LaTeX Warning: Citation `DFG01' on page 3 undefined on input line 218.


LaTeX Warning: Citation `HP06' on page 3 undefined on input line 226.


LaTeX Warning: Citation `Vogelstein07' on page 3 undefined on input line 226.


LaTeX Warning: Citation `PAN07' on page 3 undefined on input line 226.


LaTeX Warning: Citation `PanFerr08' on page 3 undefined on input line 226.


LaTeX Warning: Citation `Vogelstein08' on page 3 undefined on input line 226.


LaTeX Warning: Citation `SvobodaYasuda06' on page 3 undefined on input line 242
.


LaTeX Warning: Citation `TsienRink82' on page 3 undefined on input line 243.


LaTeX Warning: Citation `YusteKatz92' on page 3 undefined on input line 243.


LaTeX Warning: Citation `BrusteinKonnerth03' on page 3 undefined on input line 
245.


LaTeX Warning: Citation `StosiekKonnerth03' on page 3 undefined on input line 2
45.


LaTeX Warning: Citation `NagayamaChen07' on page 3 undefined on input line 246.



LaTeX Warning: Citation `NevianHelmchen07' on page 3 undefined on input line 24
6.


LaTeX Warning: Citation `MiyawakiTsien97' on page 3 undefined on input line 249
.


LaTeX Warning: Citation `GriesbeckTsien01' on page 3 undefined on input line 24
9.


LaTeX Warning: Citation `NakaiImoto01' on page 3 undefined on input line 249.


LaTeX Warning: Citation `ShanerTsien04' on page 3 undefined on input line 249.


LaTeX Warning: Citation `GuerreroIsacoff05' on page 3 undefined on input line 2
49.


LaTeX Warning: Citation `OhkuraNakai05' on page 3 undefined on input line 249.


LaTeX Warning: Citation `DenkWebb90' on page 3 undefined on input line 253.


LaTeX Warning: Citation `OheimCharpak01' on page 3 undefined on input line 253.



LaTeX Warning: Citation `TheerDenk03' on page 3 undefined on input line 253.


LaTeX Warning: Citation `HelmchenDenk05' on page 3 undefined on input line 253.



LaTeX Warning: Citation `FlusbergSchnitzer05a' on page 3 undefined on input lin
e 253.

[3]

LaTeX Warning: Citation `O'MalleyFetcho96' on page 4 undefined on input line 25
8.


LaTeX Warning: Citation `SmettersYuste99' on page 4 undefined on input line 258
.


LaTeX Warning: Citation `CAR03' on page 4 undefined on input line 258.


LaTeX Warning: Citation `IkegayaYuste04' on page 4 undefined on input line 258.



LaTeX Warning: Citation `Kerr05' on page 4 undefined on input line 258.


LaTeX Warning: Citation `NiellSmith05' on page 4 undefined on input line 258.


LaTeX Warning: Citation `OhkiReid05' on page 4 undefined on input line 258.


LaTeX Warning: Citation `OhkiReid06' on page 4 undefined on input line 258.


LaTeX Warning: Citation `YaksiFriedrich07' on page 4 undefined on input line 25
8.


LaTeX Warning: Citation `NagayamaChen07' on page 4 undefined on input line 258.



LaTeX Warning: Citation `SatoSvoboda07' on page 4 undefined on input line 258.


LaTeX Warning: Citation `RootWang07' on page 4 undefined on input line 258.


LaTeX Warning: Citation `DombeckTank07' on page 4 undefined on input line 258.


LaTeX Warning: Citation `Holekamp08' on page 4 undefined on input line 258.


LaTeX Warning: Citation `YaksiFriedrich06' on page 4 undefined on input line 26
7.


LaTeX Warning: Citation `RamdyaEngert06' on page 4 undefined on input line 267.



LaTeX Warning: Citation `Holekamp08' on page 4 undefined on input line 267.


LaTeX Warning: Citation `Kerr05' on page 4 undefined on input line 268.


LaTeX Warning: Citation `SatoSvoboda07' on page 4 undefined on input line 268.


LaTeX Warning: Citation `NeherAugustine92' on page 4 undefined on input line 27
3.


LaTeX Warning: Citation `RegehrTank94' on page 4 undefined on input line 275.


LaTeX Warning: Citation `TankDelaney95' on page 4 undefined on input line 275.


LaTeX Warning: Citation `RegehrAtluri95' on page 4 undefined on input line 275.



LaTeX Warning: Citation `FellerTank96' on page 4 undefined on input line 275.


LaTeX Warning: Citation `HelmchenSakmann96' on page 4 undefined on input line 2
75.


LaTeX Warning: Citation `MaravallSvoboda00' on page 4 undefined on input line 2
75.


LaTeX Warning: Citation `MajewskaYuste00' on page 4 undefined on input line 275
.


LaTeX Warning: Citation `CornelisseMansvelder07' on page 4 undefined on input l
ine 275.


LaTeX Warning: Citation `Gobel07b' on page 4 undefined on input line 275.

! Undefined control sequence.
l.284 stochastic calcium dynamics is \eq
                                         d\Cat /dt = - \Cat / \tau_C + A n_t
? 
! Missing $ inserted.
<inserted text> 
                $
l.284 ...dynamics is \eq d\Cat /dt = - \Cat / \tau
                                                  _C + A n_t
? 
! Undefined control sequence.
l.285 + \epsilon_t, \en
                        where $\tau_C$ is a decay time constant; $A$ is a
? 
! Missing $ inserted.
<inserted text> 
                $
l.285 + \epsilon_t, \en where $\tau
                                   _C$ is a decay time constant; $A$ is a
? 

LaTeX Warning: Citation `Vogelstein07' on page 4 undefined on input line 290.


LaTeX Warning: Citation `Vogelstein07' on page 4 undefined on input line 300.


LaTeX Warning: Reference `fig:array' on page 4 undefined on input line 303.


LaTeX Warning: Reference `fig:jv-real' on page 4 undefined on input line 310.


LaTeX Warning: Reference `fig:jv-real' on page 4 undefined on input line 320.


LaTeX Warning: Citation `DombeckTank07' on page 4 undefined on input line 334.

[4]

LaTeX Warning: Reference `fig:array' on page 5 undefined on input line 338.


LaTeX Warning: Reference `fig:jv-real' on page 5 undefined on input line 338.


LaTeX Warning: Citation `Vogelstein08' on page 5 undefined on input line 345.


LaTeX Warning: Citation `LLS04' on page 5 undefined on input line 350.


LaTeX Warning: Citation `HAP06' on page 5 undefined on input line 350.


LaTeX Warning: Citation `PanFerr08' on page 5 undefined on input line 350.


LaTeX Warning: Reference `fig:jv-real' on page 5 undefined on input line 359.


LaTeX Warning: Citation `Vovan07' on page 5 undefined on input line 369.


LaTeX Warning: Citation `Deisseroth05' on page 5 undefined on input line 380.


LaTeX Warning: Citation `Vogelstein07' on page 5 undefined on input line 383.


LaTeX Warning: Citation `CAR03' on page 5 undefined on input line 388.


LaTeX Warning: Citation `Kerr05' on page 5 undefined on input line 388.


LaTeX Warning: Citation `OhkiReid06' on page 5 undefined on input line 388.


LaTeX Warning: Citation `DombeckTank07' on page 5 undefined on input line 388.


LaTeX Warning: Citation `Holekamp08' on page 5 undefined on input line 388.


LaTeX Warning: Citation `PAN03d' on page 5 undefined on input line 392.


LaTeX Warning: Citation `SHO03' on page 5 undefined on input line 392.


LaTeX Warning: Citation `KP06' on page 5 undefined on input line 392.


LaTeX Warning: Citation `PILL07' on page 5 undefined on input line 392.


LaTeX Warning: Citation `PAN06c' on page 5 undefined on input line 392.


LaTeX Warning: Reference `fig:array' on page 5 undefined on input line 396.

[5]

LaTeX Warning: Citation `TKGA99' on page 6 undefined on input line 414.


LaTeX Warning: Citation `Petersen03' on page 6 undefined on input line 414.


LaTeX Warning: Citation `Benucci07' on page 6 undefined on input line 414.


LaTeX Warning: Citation `Seidemann08' on page 6 undefined on input line 414.


LaTeX Warning: Citation `Frost07' on page 6 undefined on input line 415.


LaTeX Warning: Citation `Djurisic04' on page 6 undefined on input line 417.


LaTeX Warning: Citation `Canepari07' on page 6 undefined on input line 417.


LaTeX Warning: Citation `Fisher08' on page 6 undefined on input line 417.


LaTeX Warning: Citation `Djurisic08' on page 6 undefined on input line 417.


LaTeX Warning: Citation `Dombeck04' on page 6 undefined on input line 420.


LaTeX Warning: Citation `Sacconi06' on page 6 undefined on input line 420.


LaTeX Warning: Citation `NURIYA06' on page 6 undefined on input line 420.


LaTeX Warning: Citation `Iyer06' on page 6 undefined on input line 422.


LaTeX Warning: Citation `Vucinic07' on page 6 undefined on input line 422.


LaTeX Warning: Citation `Fisher08' on page 6 undefined on input line 428.


LaTeX Warning: Reference `fig:fisher' on page 6 undefined on input line 429.


LaTeX Warning: Citation `HAP06' on page 6 undefined on input line 457.

[6]
! Undefined control sequence.
l.478 \hp
         /mcknight.html; we see that despite the highly incomplete
? 

LaTeX Warning: Citation `HP06' on page 7 undefined on input line 482.


LaTeX Warning: Citation `EK86' on page 7 undefined on input line 490.


LaTeX Warning: Citation `DA01' on page 7 undefined on input line 490.


LaTeX Warning: Reference `fig:fisher' on page 7 undefined on input line 494.


LaTeX Warning: Citation `HP06' on page 7 undefined on input line 497.


LaTeX Warning: Reference `fig:fisher' on page 7 undefined on input line 502.


LaTeX Warning: Citation `Vogelstein07' on page 7 undefined on input line 523.


LaTeX Warning: Citation `Knopfel06' on page 7 undefined on input line 532.

[7]

LaTeX Warning: Citation `HAP06' on page 8 undefined on input line 545.


LaTeX Warning: Citation `HP06' on page 8 undefined on input line 547.


LaTeX Warning: Reference `fig:hh-em' on page 8 undefined on input line 549.


LaTeX Warning: Citation `Djurisic08' on page 8 undefined on input line 553.


LaTeX Warning: Reference `fig:q-channels' on page 8 undefined on input line 557
.


LaTeX Warning: Reference `fig:synapse' on page 8 undefined on input line 564.


LaTeX Warning: Reference `fig:synapse' on page 8 undefined on input line 580.


LaTeX Warning: Citation `Brainbow07' on page 8 undefined on input line 587.


LaTeX Warning: Citation `Song05' on page 8 undefined on input line 590.

! Undefined control sequence.
l.593 \comment
              {
? 
[8]

LaTeX Warning: Reference `fig:fisher' on page 9 undefined on input line 612.


LaTeX Warning: Citation `Gobel07' on page 9 undefined on input line 614.


LaTeX Warning: Citation `Larkum08' on page 9 undefined on input line 614.


LaTeX Warning: Citation `Petrusca07' on page 9 undefined on input line 623.


LaTeX Warning: Reference `eq:linear-dynamics' on page 9 undefined on input line
 629.

! Undefined control sequence.
l.640 ...order model for the calcium dynamics: \eq
                                                  
? 
! Missing $ inserted.
<inserted text> 
                $
l.641 dC_
         x(t)/dt = -C_x(t) / \tau_C + k \left[C_{x+dx}(t) -2C_x(t)
? 
! Undefined control sequence.
l.642 ... \right] + f[V_x(t)] + \epsilon_{xt}, \en
                                                   where $C_x(t)$
? 
! Missing $ inserted.
<inserted text> 
                $
l.642 ... f[V_x(t)] + \epsilon_{xt}, \en where $C_
                                                  x(t)$
? 

Overfull \hbox (27.77562pt too wide) in paragraph at lines 639--652
\OT1/cmr/m/n/12 order model for the cal-cium dy-nam-ics: dC$[](\OML/cmm/m/it/12
 t\OT1/cmr/m/n/12 )\OML/cmm/m/it/12 =dt \OT1/cmr/m/n/12 = \OMS/cmsy/m/n/12 ^^@\
OML/cmm/m/it/12 C[]\OT1/cmr/m/n/12 (\OML/cmm/m/it/12 t\OT1/cmr/m/n/12 )\OML/cmm
/m/it/12 =^^\[] \OT1/cmr/m/n/12 + \OML/cmm/m/it/12 k [] \OT1/cmr/m/n/12 +
 []


LaTeX Warning: Citation `PanBook' on page 9 undefined on input line 668.


LaTeX Warning: Citation `Vogelstein08' on page 9 undefined on input line 668.


LaTeX Warning: Reference `fig:ca_to_v' on page 9 undefined on input line 668.


LaTeX Warning: Citation `HP06' on page 9 undefined on input line 670.

[9]

LaTeX Warning: Citation `HAP06' on page 10 undefined on input line 698.


LaTeX Warning: Citation `Vogelstein07' on page 10 undefined on input line 698.


LaTeX Warning: Citation `HP06' on page 10 undefined on input line 698.


LaTeX Warning: Citation `PAN07' on page 10 undefined on input line 698.


LaTeX Warning: Reference `fig:jv-real' on page 10 undefined on input line 708.


LaTeX Warning: Reference `fig:fisher' on page 10 undefined on input line 711.


LaTeX Warning: Citation `HAP06' on page 10 undefined on input line 732.


LaTeX Warning: Citation `HP06' on page 10 undefined on input line 732.


LaTeX Warning: Citation `Vogelstein07' on page 10 undefined on input line 732.


LaTeX Warning: Citation `Vogelstein08' on page 10 undefined on input line 732.


LaTeX Warning: Citation `PanBook' on page 10 undefined on input line 736.

[10] [11]

LaTeX Warning: File `array.eps' not found on input line 746.


! LaTeX Error: File `array.eps' not found.

See the LaTeX manual or LaTeX Companion for explanation.
Type  H <return>  for immediate help.
 ...                                              
                                                  
l.746 \epsfxsize=6in \epsffile{array.eps}
                                         
? 

! LaTeX Error: Cannot determine size of graphic in array.eps (no BoundingBox).

See the LaTeX manual or LaTeX Companion for explanation.
Type  H <return>  for immediate help.
 ...                                              
                                                  
l.746 \epsfxsize=6in \epsffile{array.eps}
                                         
? 
File: array.eps Graphic file (type eps)
<array.eps>

LaTeX Warning: Citation `Vogelstein07' on page 12 undefined on input line 760.


LaTeX Warning: Citation `Vogelstein07' on page 12 undefined on input line 760.


LaTeX Warning: File `Fig_jv_real_ca.eps' not found on input line 770.


! LaTeX Error: File `Fig_jv_real_ca.eps' not found.

See the LaTeX manual or LaTeX Companion for explanation.
Type  H <return>  for immediate help.
 ...                                              
                                                  
l.770 \epsffile{Fig_jv_real_ca.eps}
                                   
? 

! LaTeX Error: Cannot determine size of graphic in Fig_jv_real_ca.eps (no Bound
ingBox).

See the LaTeX manual or LaTeX Companion for explanation.
Type  H <return>  for immediate help.
 ...                                              
                                                  
l.770 \epsffile{Fig_jv_real_ca.eps}
                                   
? 
File: Fig_jv_real_ca.eps Graphic file (type eps)
<Fig_jv_real_ca.eps>

LaTeX Warning: Float too large for page by 97.09897pt on input line 797.


LaTeX Warning: File `Fig_fisher_data.eps' not found on input line 802.


! LaTeX Error: File `Fig_fisher_data.eps' not found.

See the LaTeX manual or LaTeX Companion for explanation.
Type  H <return>  for immediate help.
 ...                                              
                                                  
l.802 \epsffile{Fig_fisher_data.eps}
                                    
? 

! LaTeX Error: Cannot determine size of graphic in Fig_fisher_data.eps (no Boun
dingBox).

See the LaTeX manual or LaTeX Companion for explanation.
Type  H <return>  for immediate help.
 ...                                              
                                                  
l.802 \epsffile{Fig_fisher_data.eps}
                                    
? 
File: Fig_fisher_data.eps Graphic file (type eps)
<Fig_fisher_data.eps>

LaTeX Warning: Citation `Fisher08' on page 12 undefined on input line 824.


LaTeX Warning: Citation `Fisher08' on page 12 undefined on input line 824.


LaTeX Warning: Float too large for page by 12.4383pt on input line 827.


LaTeX Warning: File `q-hh-em.eps' not found on input line 833.


! LaTeX Error: File `q-hh-em.eps' not found.

See the LaTeX manual or LaTeX Companion for explanation.
Type  H <return>  for immediate help.
 ...                                              
                                                  
l.833 \epsffile{q-hh-em.eps}
                            
? 

! LaTeX Error: Cannot determine size of graphic in q-hh-em.eps (no BoundingBox)
.

See the LaTeX manual or LaTeX Companion for explanation.
Type  H <return>  for immediate help.
 ...                                              
                                                  
l.833 \epsffile{q-hh-em.eps}
                            
? 
File: q-hh-em.eps Graphic file (type eps)
<q-hh-em.eps>

LaTeX Warning: Citation `HP06' on page 12 undefined on input line 848.


LaTeX Warning: Citation `HP06' on page 12 undefined on input line 848.


LaTeX Warning: File `Fig_q_channels.eps' not found on input line 857.


! LaTeX Error: File `Fig_q_channels.eps' not found.

See the LaTeX manual or LaTeX Companion for explanation.
Type  H <return>  for immediate help.
 ...                                              
                                                  
l.857 \epsffile{Fig_q_channels.eps}
                                   
? 

! LaTeX Error: Cannot determine size of graphic in Fig_q_channels.eps (no Bound
ingBox).

See the LaTeX manual or LaTeX Companion for explanation.
Type  H <return>  for immediate help.
 ...                                              
                                                  
l.857 \epsffile{Fig_q_channels.eps}
                                   
? 
File: Fig_q_channels.eps Graphic file (type eps)
<Fig_q_channels.eps>

LaTeX Warning: Citation `PanBook' on page 12 undefined on input line 878.


LaTeX Warning: Citation `PanBook' on page 12 undefined on input line 878.


LaTeX Warning: File `synaptic-weights.eps' not found on input line 889.


! LaTeX Error: File `synaptic-weights.eps' not found.

See the LaTeX manual or LaTeX Companion for explanation.
Type  H <return>  for immediate help.
 ...                                              
                                                  
l.889 \epsffile{synaptic-weights.eps}
                                     
? 

! LaTeX Error: Cannot determine size of graphic in synaptic-weights.eps (no Bou
ndingBox).

See the LaTeX manual or LaTeX Companion for explanation.
Type  H <return>  for immediate help.
 ...                                              
                                                  
l.889 \epsffile{synaptic-weights.eps}
                                     
? 
File: synaptic-weights.eps Graphic file (type eps)
<synaptic-weights.eps>

LaTeX Warning: File `Fig_synapse_detection.eps' not found on input line 891.


! LaTeX Error: File `Fig_synapse_detection.eps' not found.

See the LaTeX manual or LaTeX Companion for explanation.
Type  H <return>  for immediate help.
 ...                                              
                                                  
l.891 \epsffile{Fig_synapse_detection.eps}
                                          
? 

! LaTeX Error: Cannot determine size of graphic in Fig_synapse_detection.eps (n
o BoundingBox).

See the LaTeX manual or LaTeX Companion for explanation.
Type  H <return>  for immediate help.
 ...                                              
                                                  
l.891 \epsffile{Fig_synapse_detection.eps}
                                          
? 
File: Fig_synapse_detection.eps Graphic file (type eps)
<Fig_synapse_detection.eps>

LaTeX Warning: Citation `PanFerr08' on page 12 undefined on input line 918.


LaTeX Warning: Citation `PanBook' on page 12 undefined on input line 918.


LaTeX Warning: Citation `PanFerr08' on page 12 undefined on input line 918.


LaTeX Warning: Citation `PanBook' on page 12 undefined on input line 918.


LaTeX Warning: Float too large for page by 23.09386pt on input line 921.


LaTeX Warning: File `Fig_ca_to_v.eps' not found on input line 927.


! LaTeX Error: File `Fig_ca_to_v.eps' not found.

See the LaTeX manual or LaTeX Companion for explanation.
Type  H <return>  for immediate help.
 ...                                              
                                                  
l.927 \epsffile{Fig_ca_to_v.eps}
                                
? 

! LaTeX Error: Cannot determine size of graphic in Fig_ca_to_v.eps (no Bounding
Box).

See the LaTeX manual or LaTeX Companion for explanation.
Type  H <return>  for immediate help.
 ...                                              
                                                  
l.927 \epsffile{Fig_ca_to_v.eps}
                                
? 
File: Fig_ca_to_v.eps Graphic file (type eps)
<Fig_ca_to_v.eps>

LaTeX Warning: Reference `fig:synapse' on page 12 undefined on input line 954.


LaTeX Warning: Reference `fig:synapse' on page 12 undefined on input line 954.


LaTeX Warning: Float too large for page by 9.86374pt on input line 957.

[12

] [13] [14] [15] [16] [17] [18]
No file mcknight-technology-full.bbl.
[19


] [20

] (./mcknight-technology-full.aux)

LaTeX Warning: There were undefined references.


LaTeX Warning: Label(s) may have changed. Rerun to get cross-references right.

 ) 
Here is how much of TeX's memory you used:
 1371 strings out of 94074
 16451 string characters out of 1164820
 91522 words of memory out of 1500000
 4669 multiletter control sequences out of 10000+50000
 9152 words of font info for 33 fonts, out of 1200000 for 2000
 645 hyphenation exceptions out of 8191
 32i,4n,28p,2439b,291s stack positions out of 5000i,500n,6000p,200000b,5000s

Output written on mcknight-technology-full.dvi (21 pages, 65528 bytes).
