This is pdfeTeX, Version 3.141592-1.21a-2.2 (Web2C 7.5.4) (format=pdflatex 2009.4.16)  18 JUN 2009 18:28
entering extended mode
**main
(./main.tex
LaTeX2e <2003/12/01>
Babel <v3.8d> and hyphenation patterns for american, french, german, ngerman, b
ahasa, basque, bulgarian, catalan, croatian, czech, danish, dutch, esperanto, e
stonian, finnish, greek, icelandic, irish, italian, latin, magyar, norsk, polis
h, portuges, romanian, russian, serbian, slovak, slovene, spanish, swedish, tur
kish, ukrainian, nohyphenation, loaded.
(/Users/joshyv/Research/misc/latex_paper.tex
(/opt/local/share/texmf-dist/tex/latex/base/article.cls
Document Class: article 2004/02/16 v1.4f Standard LaTeX document class
(/opt/local/share/texmf-dist/tex/latex/base/size10.clo
File: size10.clo 2004/02/16 v1.4f Standard LaTeX file (size option)
)
\c@part=\count79
\c@section=\count80
\c@subsection=\count81
\c@subsubsection=\count82
\c@paragraph=\count83
\c@subparagraph=\count84
\c@figure=\count85
\c@table=\count86
\abovecaptionskip=\skip41
\belowcaptionskip=\skip42
\bibindent=\dimen102
)
(/opt/local/share/texmf-dist/tex/latex/amsmath/amsmath.sty
Package: amsmath 2000/07/18 v2.13 AMS math features
\@mathmargin=\skip43

For additional information on amsmath, use the `?' option.
(/opt/local/share/texmf-dist/tex/latex/amsmath/amstext.sty
Package: amstext 2000/06/29 v2.01

(/opt/local/share/texmf-dist/tex/latex/amsmath/amsgen.sty
File: amsgen.sty 1999/11/30 v2.0
\@emptytoks=\toks14
\ex@=\dimen103
))
(/opt/local/share/texmf-dist/tex/latex/amsmath/amsbsy.sty
Package: amsbsy 1999/11/29 v1.2d
\pmbraise@=\dimen104
)
(/opt/local/share/texmf-dist/tex/latex/amsmath/amsopn.sty
Package: amsopn 1999/12/14 v2.01 operator names
)
\inf@bad=\count87
LaTeX Info: Redefining \frac on input line 211.
\uproot@=\count88
\leftroot@=\count89
LaTeX Info: Redefining \overline on input line 307.
\classnum@=\count90
\DOTSCASE@=\count91
LaTeX Info: Redefining \ldots on input line 379.
LaTeX Info: Redefining \dots on input line 382.
LaTeX Info: Redefining \cdots on input line 467.
\Mathstrutbox@=\box26
\strutbox@=\box27
\big@size=\dimen105
LaTeX Font Info:    Redeclaring font encoding OML on input line 567.
LaTeX Font Info:    Redeclaring font encoding OMS on input line 568.
\macc@depth=\count92
\c@MaxMatrixCols=\count93
\dotsspace@=\muskip10
\c@parentequation=\count94
\dspbrk@lvl=\count95
\tag@help=\toks15
\row@=\count96
\column@=\count97
\maxfields@=\count98
\andhelp@=\toks16
\eqnshift@=\dimen106
\alignsep@=\dimen107
\tagshift@=\dimen108
\tagwidth@=\dimen109
\totwidth@=\dimen110
\lineht@=\dimen111
\@envbody=\toks17
\multlinegap=\skip44
\multlinetaggap=\skip45
\mathdisplay@stack=\toks18
LaTeX Info: Redefining \[ on input line 2666.
LaTeX Info: Redefining \] on input line 2667.
)
(/opt/local/share/texmf-dist/tex/latex/graphics/graphicx.sty
Package: graphicx 1999/02/16 v1.0f Enhanced LaTeX Graphics (DPC,SPQR)

(/opt/local/share/texmf-dist/tex/latex/graphics/keyval.sty
Package: keyval 1999/03/16 v1.13 key=value parser (DPC)
\KV@toks@=\toks19
)
(/opt/local/share/texmf-dist/tex/latex/graphics/graphics.sty
Package: graphics 2001/07/07 v1.0n Standard LaTeX Graphics (DPC,SPQR)

(/opt/local/share/texmf-dist/tex/latex/graphics/trig.sty
Package: trig 1999/03/16 v1.09 sin cos tan (DPC)
)
(/opt/local/share/texmf-dist/tex/latex/graphics/graphics.cfg
File: graphics.cfg 2005/02/03 v1.3 graphics configuration of teTeX/TeXLive
)
Package graphics Info: Driver file: pdftex.def on input line 80.

(/opt/local/share/texmf-dist/tex/latex/graphics/pdftex.def
File: pdftex.def 2002/06/19 v0.03k graphics/color for pdftex
\Gread@gobject=\count99
))
\Gin@req@height=\dimen112
\Gin@req@width=\dimen113
)
(/opt/local/share/texmf-dist/tex/latex/amsfonts/amsfonts.sty
Package: amsfonts 2001/10/25 v2.2f
\symAMSa=\mathgroup4
\symAMSb=\mathgroup5
LaTeX Font Info:    Overwriting math alphabet `\mathfrak' in version `bold'
(Font)                  U/euf/m/n --> U/euf/b/n on input line 132.
)
(/opt/local/share/texmf-dist/tex/latex/amscls/amsthm.sty
Package: amsthm 2004/08/06 v2.20
\thm@style=\toks20
\thm@bodyfont=\toks21
\thm@headfont=\toks22
\thm@notefont=\toks23
\thm@headpunct=\toks24
\thm@preskip=\skip46
\thm@postskip=\skip47
\thm@headsep=\skip48
\dth@everypar=\toks25
)
(/opt/local/share/texmf-dist/tex/latex/algorithms/algorithm.sty
Package: algorithm 

Document Style `algorithm' - floating environment
(/opt/local/share/texmf-dist/tex/latex/float/float.sty
Package: float 2001/11/08 v1.3d Float enhancements (AL)
\c@float@type=\count100
\float@exts=\toks26
\float@box=\box28
\@float@everytoks=\toks27
\@floatcapt=\box29
)
(/opt/local/share/texmf-dist/tex/latex/base/ifthen.sty
Package: ifthen 2001/05/26 v1.1c Standard LaTeX ifthen package (DPC)
)
\@float@every@algorithm=\toks28
\c@algorithm=\count101
)
(/opt/local/share/texmf-dist/tex/latex/algorithms/algorithmic.sty
Package: algorithmic 

Document Style `algorithmic' - environment
(/opt/local/share/texmf-dist/tex/latex/tools/calc.sty
Package: calc 1998/07/07 v4.1b Infix arithmetic (KKT,FJ)
\calc@Acount=\count102
\calc@Bcount=\count103
\calc@Adimen=\dimen114
\calc@Bdimen=\dimen115
\calc@Askip=\skip49
\calc@Bskip=\skip50
LaTeX Info: Redefining \setlength on input line 59.
LaTeX Info: Redefining \addtolength on input line 60.
\calc@denominator=\count104
)
\c@ALC@line=\count105
\c@ALC@rem=\count106
\c@ALC@depth=\count107
\ALC@tlm=\skip51
)
(/opt/local/share/texmf-dist/tex/latex/psnfss/times.sty
Package: times 2004/09/15 PSNFSS-v9.2 (SPQR) 
)
(/opt/local/share/texmf-dist/tex/latex/fancyhdr/fancyhdr.sty
\fancy@headwidth=\skip52
\f@ncyO@elh=\skip53
\f@ncyO@erh=\skip54
\f@ncyO@olh=\skip55
\f@ncyO@orh=\skip56
\f@ncyO@elf=\skip57
\f@ncyO@erf=\skip58
\f@ncyO@olf=\skip59
\f@ncyO@orf=\skip60
)
(/Users/joshyv/Research/misc/latex_commands.tex
\c@thm=\count108
\c@defi=\count109
))
(/opt/local/share/texmf-dist/tex/latex/tools/multicol.sty
Package: multicol 2004/02/14 v1.6e multicolumn formatting (FMi)
\c@tracingmulticols=\count110
\mult@box=\box30
\multicol@leftmargin=\dimen116
\c@unbalance=\count111
\c@collectmore=\count112
\doublecol@number=\count113
\multicoltolerance=\count114
\multicolpretolerance=\count115
\full@width=\dimen117
\page@free=\dimen118
\premulticols=\dimen119
\postmulticols=\dimen120
\multicolsep=\skip61
\multicolbaselineskip=\skip62
\partial@page=\box31
\last@line=\box32
\mult@rightbox=\box33
\mult@grightbox=\box34
\mult@gfirstbox=\box35
\mult@firstbox=\box36
\@tempa=\box37
\@tempa=\box38
\@tempa=\box39
\@tempa=\box40
\@tempa=\box41
\@tempa=\box42
\@tempa=\box43
\@tempa=\box44
\@tempa=\box45
\@tempa=\box46
\@tempa=\box47
\@tempa=\box48
\@tempa=\box49
\@tempa=\box50
\@tempa=\box51
\@tempa=\box52
\@tempa=\box53
\c@columnbadness=\count116
\c@finalcolumnbadness=\count117
\last@try=\dimen121
\multicolovershoot=\dimen122
\multicolundershoot=\dimen123
\mult@nat@firstbox=\box54
\colbreak@box=\box55
)
(/opt/local/share/texmf-dist/tex/latex/hyperref/hyperref.sty
Package: hyperref 2003/11/30 v6.74m Hypertext links for LaTeX
\@linkdim=\dimen124
\Hy@linkcounter=\count118
\Hy@pagecounter=\count119

(/opt/local/share/texmf-dist/tex/latex/hyperref/pd1enc.def
File: pd1enc.def 2003/11/30 v6.74m Hyperref: PDFDocEncoding definition (HO)
)
(/opt/local/share/texmf-dist/tex/latex/hyperref/hyperref.cfg
File: hyperref.cfg 2002/06/06 v1.2 hyperref configuration of TeXLive and teTeX
)
Package hyperref Info: Hyper figures OFF on input line 1880.
Package hyperref Info: Link nesting OFF on input line 1885.
Package hyperref Info: Hyper index ON on input line 1888.
Package hyperref Info: Plain pages ON on input line 1893.
Package hyperref Info: Backreferencing OFF on input line 1900.

Implicit mode ON; LaTeX internals redefined
Package hyperref Info: Bookmarks ON on input line 2004.
(/opt/local/share/texmf-local/tex/latex/html/url.sty
Package: url 1999/03/02  ver 1.4  Verb mode for urls, email addresses, and file
 names
)
LaTeX Info: Redefining \url on input line 2143.
\Fld@menulength=\count120
\Field@Width=\dimen125
\Fld@charsize=\dimen126
\Choice@toks=\toks29
\Field@toks=\toks30
Package hyperref Info: Hyper figures OFF on input line 2618.
Package hyperref Info: Link nesting OFF on input line 2623.
Package hyperref Info: Hyper index ON on input line 2626.
Package hyperref Info: backreferencing OFF on input line 2633.
Package hyperref Info: Link coloring OFF on input line 2638.
\c@Item=\count121
\c@Hfootnote=\count122
)
*hyperref using default driver hpdftex*
(/opt/local/share/texmf-dist/tex/latex/hyperref/hpdftex.def
File: hpdftex.def 2003/11/30 v6.74m Hyperref driver for pdfTeX

(/opt/local/share/texmf-dist/tex/latex/psnfss/pifont.sty
Package: pifont 2004/09/15 PSNFSS-v9.2 Pi font support (SPQR) 
LaTeX Font Info:    Try loading font information for U+pzd on input line 63.

(/opt/local/share/texmf-dist/tex/latex/psnfss/upzd.fd
File: upzd.fd 2001/06/04 font definitions for U/pzd.
)
LaTeX Font Info:    Try loading font information for U+psy on input line 64.

(/opt/local/share/texmf-dist/tex/latex/psnfss/upsy.fd
File: upsy.fd 2001/06/04 font definitions for U/psy.
))
\Fld@listcount=\count123
\@outlinefile=\write3
) (./main.aux

LaTeX Warning: Label `sec:vivo' multiply defined.


LaTeX Warning: Label `fig:spatial_data' multiply defined.

)
\openout1 = `main.aux'.

LaTeX Font Info:    Checking defaults for OML/cmm/m/it on input line 39.
LaTeX Font Info:    ... okay on input line 39.
LaTeX Font Info:    Checking defaults for T1/cmr/m/n on input line 39.
LaTeX Font Info:    ... okay on input line 39.
LaTeX Font Info:    Checking defaults for OT1/cmr/m/n on input line 39.
LaTeX Font Info:    ... okay on input line 39.
LaTeX Font Info:    Checking defaults for OMS/cmsy/m/n on input line 39.
LaTeX Font Info:    ... okay on input line 39.
LaTeX Font Info:    Checking defaults for OMX/cmex/m/n on input line 39.
LaTeX Font Info:    ... okay on input line 39.
LaTeX Font Info:    Checking defaults for U/cmr/m/n on input line 39.
LaTeX Font Info:    ... okay on input line 39.
LaTeX Font Info:    Checking defaults for PD1/pdf/m/n on input line 39.
LaTeX Font Info:    ... okay on input line 39.
LaTeX Font Info:    Try loading font information for OT1+ptm on input line 39.
 (/opt/local/share/texmf-dist/tex/latex/psnfss/ot1ptm.fd
File: ot1ptm.fd 2001/06/04 font definitions for OT1/ptm.
)
(/opt/local/share/texmf-dist/tex/context/base/supp-pdf.tex
(/opt/local/share/texmf-dist/tex/context/base/supp-mis.tex
loading : Context Support Macros / Miscellaneous (2004.10.26)
\protectiondepth=\count124
\scratchcounter=\count125
\scratchtoks=\toks31
\scratchdimen=\dimen127
\scratchskip=\skip63
\scratchmuskip=\muskip11
\scratchbox=\box56
\scratchread=\read1
\scratchwrite=\write4
\zeropoint=\dimen128
\onepoint=\dimen129
\onebasepoint=\dimen130
\minusone=\count126
\thousandpoint=\dimen131
\onerealpoint=\dimen132
\emptytoks=\toks32
\nextbox=\box57
\nextdepth=\dimen133
\everyline=\toks33
\!!counta=\count127
\!!countb=\count128
\recursecounter=\count129
)
loading : Context Support Macros / PDF (2004.03.26)
\nofMPsegments=\count130
\nofMParguments=\count131
\MPscratchCnt=\count132
\MPscratchDim=\dimen134
\MPnumerator=\count133
\everyMPtoPDFconversion=\toks34
)
Package hyperref Info: Link coloring OFF on input line 39.
 (/opt/local/share/texmf-dist/tex/latex/hyperref/nameref.sty
Package: nameref 2003/12/03 v2.21 Cross-referencing by name of section
\c@section@level=\count134
)
LaTeX Info: Redefining \ref on input line 39.
LaTeX Info: Redefining \pageref on input line 39.
 (./main.out)
(./main.out)
\openout3 = `main.out'.

LaTeX Font Info:    Try loading font information for U+msa on input line 42.
 (/opt/local/share/texmf-dist/tex/latex/amsfonts/umsa.fd
File: umsa.fd 2002/01/19 v2.2g AMS font definitions
)
LaTeX Font Info:    Try loading font information for U+msb on input line 42.

(/opt/local/share/texmf-dist/tex/latex/amsfonts/umsb.fd
File: umsb.fd 2002/01/19 v2.2g AMS font definitions
)
LaTeX Font Info:    Font shape `OT1/ptm/bx/n' in size <14.4> not available
(Font)              Font shape `OT1/ptm/b/n' tried instead on input line 42.
 (./main.toc
LaTeX Font Info:    Font shape `OT1/ptm/bx/n' in size <10> not available
(Font)              Font shape `OT1/ptm/b/n' tried instead on input line 1.
)
\tf@toc=\write5
\openout5 = `main.toc'.

LaTeX Font Info:    Font shape `OT1/ptm/bx/n' in size <9> not available
(Font)              Font shape `OT1/ptm/b/n' tried instead on input line 43.

(./abstract.tex) [1

{/opt/local/share/texmf-var/fonts/map/pdftex/updmap/pdftex.map}] (./intro.tex) 
[2]
LaTeX Font Info:    Font shape `OT1/ptm/bx/n' in size <12> not available
(Font)              Font shape `OT1/ptm/b/n' tried instead on input line 54.
 (./model.tex
<../figs/schem.pdf, id=198, 505.89pt x 361.35pt>
File: ../figs/schem.pdf Graphic file (type pdf)
 <use ../figs/schem.pdf>
[3]) (./goal.tex [4 <../figs/schem.pdf>]
<../figs/dist_comp.pdf, id=285, 578.16pt x 216.81pt>
File: ../figs/dist_comp.pdf Graphic file (type pdf)

<use ../figs/dist_comp.pdf>) (./inference.tex

LaTeX Warning: Reference `eq:naht3' on page 5 undefined on input line 9.

[5 <../figs/dist_comp.pdf>] [6]) (./assess.tex) [7] (./main_result.tex

LaTeX Warning: Reference `sec:app' on page 8 undefined on input line 3.

<../figs/example_sim.pdf, id=358, 505.89pt x 361.35pt>
File: ../figs/example_sim.pdf Graphic file (type pdf)

<use ../figs/example_sim.pdf> [8]
<../figs/stats.pdf, id=369, 505.89pt x 361.35pt>
File: ../figs/stats.pdf Graphic file (type pdf)
 <use ../figs/stats.pdf>
[9 <../figs/example_sim.pdf>]
Overfull \hbox (8.09912pt too wide) in paragraph at lines 54--55
\OT1/ptm/m/n/10 cally, we let $\OML/cmm/m/it/10 ^^U[] \OT1/cmr/m/n/10 = [][][][
]$\OT1/ptm/m/n/10 , where $[]$ is a 5-dimensional lin-ear ker-nel, $[][]$ is th
e stim-u-lus at time $\OML/cmm/m/it/10 t$\OT1/ptm/m/n/10 , and $\OML/cmm/m/it/1
0 P\OT1/cmr/m/n/10 (\OML/cmm/m/it/10 n[]\OT1/cmr/m/n/10 ) =$\OT1/ptm/m/n/10 Poi
sson($\OML/cmm/m/it/10 ^^U[]\OT1/cmr/m/n/10 ^^A$\OT1/ptm/m/n/10 ).
 []

<../figs/kernel.pdf, id=392, 505.89pt x 361.35pt>
File: ../figs/kernel.pdf Graphic file (type pdf)
 <use ../figs/kernel.pdf>
[10 <../figs/stats.pdf>]) [11 <../figs/kernel.pdf>] (./spatial.tex
<../figs/spatial.pdf, id=417, 505.89pt x 361.35pt>
File: ../figs/spatial.pdf Graphic file (type pdf)
 <use ../figs/spatial.pdf>)
[12

] [13 <../figs/spatial.pdf>] (./learning.tex
LaTeX Font Info:    Try loading font information for OT1+pcr on input line 31.

(/opt/local/share/texmf-dist/tex/latex/psnfss/ot1pcr.fd
File: ot1pcr.fd 2001/06/04 font definitions for OT1/pcr.
) [14

]
<../figs/spatial_EM.pdf, id=465, 505.89pt x 361.35pt>
File: ../figs/spatial_EM.pdf Graphic file (type pdf)

<use ../figs/spatial_EM.pdf>) [15 <../figs/spatial_EM.pdf>] (./in_vitro.tex)
[16

] (./overlapping.tex
<../figs/spatial_multi.pdf, id=482, 542.025pt x 758.835pt>
File: ../figs/spatial_multi.pdf Graphic file (type pdf)

<use ../figs/spatial_multi.pdf> [17

]) [18 <../figs/spatial_multi.pdf>]
(./pop.tex) [19

] (./slow_rise_time.tex) [20

] (./poisson.tex) [21

]
(./in_vivo.tex <../figs/spatial_data.pdf, id=526, 505.89pt x 505.89pt>
File: ../figs/spatial_data.pdf Graphic file (type pdf)

<use ../figs/spatial_data.pdf>) [22

 <../figs/spatial_data.pdf>]
(./discussion.tex) [23] (./nonlin_obs.tex) [24

] (./in_vivo.tex
File: ../figs/spatial_data.pdf Graphic file (type pdf)

<use ../figs/spatial_data.pdf>) [25

] (./dynamic_prior.tex) (./main.bbl
Missing character: There is no ü in font ptmr7t!
 [26

])
(./appendix.tex [27]) [28] (./main.aux)

LaTeX Warning: There were undefined references.


LaTeX Warning: There were multiply-defined labels.

 ) 
Here is how much of TeX's memory you used:
 4852 strings out of 94500
 57671 string characters out of 1155413
 124263 words of memory out of 1000000
 7687 multiletter control sequences out of 10000+50000
 34679 words of font info for 83 fonts, out of 500000 for 2000
 580 hyphenation exceptions out of 1000
 29i,15n,43p,1993b,314s stack positions out of 1500i,500n,5000p,200000b,5000s
PDF statistics:
 593 PDF objects out of 300000
 166 named destinations out of 131072
 238 words of extra memory for PDF output out of 65536
{/opt/local/share/texmf-dist/fonts/enc/dvips/psnfss/8r.enc}</opt/local/share/
texmf-dist/fonts/type1/urw/courier/ucrr8a.pfb></opt/local/share/texmf-dist/font
s/type1/public/tt2001/fmex7.pfb></opt/local/share/texmf-dist/fonts/type1/bluesk
y/cm/cmss8.pfb></opt/local/share/texmf-dist/fonts/type1/bluesky/cm/cmbx7.pfb></
opt/local/share/texmf-dist/fonts/type1/bluesky/cmextra/cmmib7.pfb></opt/local/s
hare/texmf-dist/fonts/type1/bluesky/cm/cmbx10.pfb></opt/local/share/texmf-dist/
fonts/type1/bluesky/symbols/msbm10.pfb></opt/local/share/texmf-dist/fonts/type1
/bluesky/cm/cmex10.pfb></opt/local/share/texmf-dist/fonts/type1/bluesky/symbols
/msbm7.pfb></opt/local/share/texmf-dist/fonts/type1/bluesky/cm/cmsy8.pfb></opt/
local/share/texmf-dist/fonts/type1/bluesky/cm/cmr8.pfb></opt/local/share/texmf-
dist/fonts/type1/bluesky/cm/cmr6.pfb></opt/local/share/texmf-dist/fonts/type1/b
luesky/cm/cmr5.pfb></opt/local/share/texmf-dist/fonts/type1/bluesky/cm/cmsy5.pf
b></opt/local/share/texmf-dist/fonts/type1/bluesky/cm/cmsy6.pfb></opt/local/sha
re/texmf-dist/fonts/type1/bluesky/cm/cmmi5.pfb></opt/local/share/texmf-dist/fon
ts/type1/bluesky/cm/cmmi6.pfb></opt/local/share/texmf-dist/fonts/type1/bluesky/
cm/cmmi8.pfb></opt/local/share/texmf-dist/fonts/type1/bluesky/cm/cmsy7.pfb></op
t/local/share/texmf-dist/fonts/type1/bluesky/cm/cmr7.pfb></opt/local/share/texm
f-dist/fonts/type1/bluesky/cm/cmmib10.pfb></opt/local/share/texmf-dist/fonts/ty
pe1/bluesky/cm/cmmi7.pfb></opt/local/share/texmf-dist/fonts/type1/bluesky/cm/cm
mi10.pfb></opt/local/share/texmf-dist/fonts/type1/urw/times/utmri8a.pfb></opt/l
ocal/share/texmf-dist/fonts/type1/bluesky/cm/cmr10.pfb></opt/local/share/texmf-
dist/fonts/type1/bluesky/cm/cmsy10.pfb></opt/local/share/texmf-dist/fonts/type1
/urw/times/utmb8a.pfb></opt/local/share/texmf-dist/fonts/type1/urw/times/utmr8a
.pfb>
Output written on main.pdf (28 pages, 454537 bytes).
