\BOOKMARK [1][-]{section.1}{Introduction}{}
\BOOKMARK [1][-]{section.2}{Methods}{}
\BOOKMARK [2][-]{subsection.2.1}{Data driven generative model}{section.2}
\BOOKMARK [2][-]{subsection.2.2}{Goal}{section.2}
\BOOKMARK [2][-]{subsection.2.3}{Inference}{section.2}
\BOOKMARK [2][-]{subsection.2.4}{Assessment}{section.2}
\BOOKMARK [2][-]{subsection.2.5}{Experimental Methods}{section.2}
\BOOKMARK [1][-]{section.3}{Results}{}
\BOOKMARK [2][-]{subsection.3.1}{Main Result}{section.3}
\BOOKMARK [2][-]{subsection.3.2}{Spatial Filtering}{section.3}
\BOOKMARK [2][-]{subsection.3.3}{Learning}{section.3}
\BOOKMARK [2][-]{subsection.3.4}{in vitro data}{section.3}
\BOOKMARK [2][-]{subsection.3.5}{Overlapping spatial filters}{section.3}
\BOOKMARK [2][-]{subsection.3.6}{Population imaging}{section.3}
\BOOKMARK [2][-]{subsection.3.7}{Slow rise time}{section.3}
\BOOKMARK [2][-]{subsection.3.8}{Poisson observation model}{section.3}
\BOOKMARK [2][-]{subsection.3.9}{in vivo data}{section.3}
\BOOKMARK [1][-]{section.4}{Discussion}{}
\BOOKMARK [2][-]{subsection.4.1}{Incorporating a nonlinear observation model}{section.4}
\BOOKMARK [2][-]{subsection.4.2}{Dynamic prior}{section.4}
\BOOKMARK [1][-]{section*.22}{References}{}
\BOOKMARK [1][-]{section.A}{Wiener Filter}{}
